WARNING:django.request:Not Found: /user/login
WARNING:django.request:Not Found: /
WARNING:django.request:Not Found: /favicon.ico
WARNING:django.request:Not Found: /api/nepal-stock/2011-11-11/2011-11-15
WARNING:django.request:Not Found: /api/nepal-stock/2011-11-11/2011-11-15
INFO:django.utils.autoreload:D:\Code\Python\Django\DataAPI\NepalStock\urls.py changed, reloading.
DEBUG:asyncio:Using proactor: IocpProactor
WARNING:django.request:Not Found: /api/nepal-stock/2011-11-11/2011-11-15
INFO:django.utils.autoreload:D:\Code\Python\Django\DataAPI\NepalStock\urls.py changed, reloading.
DEBUG:asyncio:Using proactor: IocpProactor
WARNING:django.request:Not Found: /api/nepal-stock/2011-11-11/2011-11-15
INFO:django.utils.autoreload:D:\Code\Python\Django\DataAPI\NepalStock\urls.py changed, reloading.
DEBUG:asyncio:Using proactor: IocpProactor
INFO:django.utils.autoreload:D:\Code\Python\Django\DataAPI\NepalStock\urls.py changed, reloading.
DEBUG:asyncio:Using proactor: IocpProactor
INFO:django.utils.autoreload:D:\Code\Python\Django\DataAPI\NepalStock\urls.py changed, reloading.
DEBUG:asyncio:Using proactor: IocpProactor
WARNING:django.request:Not Found: /api/nepal-stock/2011-11-11/2011-11-15
WARNING:django.request:Not Found: /api/nepal-stock/2011-11-11
INFO:django.utils.autoreload:D:\Code\Python\Django\DataAPI\NepalStock\urls.py changed, reloading.
DEBUG:asyncio:Using proactor: IocpProactor
WARNING:django.request:Not Found: /api/nepal-stock/2011-11-11
WARNING:django.request:Not Found: /api/nepal-stock/sdf
ERROR:django.request:Internal Server Error: /api/nepal-stock/daily-price/11-11-2011/
Traceback (most recent call last):
  File "C:\Users\bhask\anaconda3\envs\DjangoEnv\lib\site-packages\django\core\handlers\exception.py", line 34, in inner
    response = get_response(request)
  File "C:\Users\bhask\anaconda3\envs\DjangoEnv\lib\site-packages\django\core\handlers\base.py", line 124, in _get_response
    raise ValueError(
ValueError: The view NepalStock.views.share_daily_price didn't return an HttpResponse object. It returned None instead.
INFO:django.utils.autoreload:D:\Code\Python\Django\DataAPI\NepalStock\views.py changed, reloading.
DEBUG:asyncio:Using proactor: IocpProactor
INFO:django.utils.autoreload:D:\Code\Python\Django\DataAPI\NepalStock\views.py changed, reloading.
DEBUG:asyncio:Using proactor: IocpProactor
ERROR:django.request:Internal Server Error: /api/nepal-stock/daily-price/11-11-2011/
Traceback (most recent call last):
  File "C:\Users\bhask\anaconda3\envs\DjangoEnv\lib\site-packages\django\core\handlers\exception.py", line 34, in inner
    response = get_response(request)
  File "C:\Users\bhask\anaconda3\envs\DjangoEnv\lib\site-packages\django\core\handlers\base.py", line 124, in _get_response
    raise ValueError(
ValueError: The view NepalStock.views.share_daily_price didn't return an HttpResponse object. It returned None instead.
ERROR:django.request:Internal Server Error: /api/nepal-stock/daily-price/11-11-2011/
Traceback (most recent call last):
  File "C:\Users\bhask\anaconda3\envs\DjangoEnv\lib\site-packages\django\core\handlers\exception.py", line 34, in inner
    response = get_response(request)
  File "C:\Users\bhask\anaconda3\envs\DjangoEnv\lib\site-packages\django\core\handlers\base.py", line 124, in _get_response
    raise ValueError(
ValueError: The view NepalStock.views.share_daily_price didn't return an HttpResponse object. It returned None instead.
INFO:django.utils.autoreload:D:\Code\Python\Django\DataAPI\DataAPI\settings.py changed, reloading.
DEBUG:asyncio:Using proactor: IocpProactor
INFO:root:Splitting date !
INFO:root:Creating datetime object !
ERROR:root:--------------------------------------------------------
ERROR:root:Fatal Error in get_nepse_data() --> invalid literal for int() with base 10: '11 00:00:00'
ERROR:root:--------------------------------------------------------
INFO:django.utils.autoreload:D:\Code\Python\Django\DataAPI\NepalStock\views.py changed, reloading.
DEBUG:asyncio:Using proactor: IocpProactor
INFO:django.utils.autoreload:D:\Code\Python\Django\DataAPI\NepalStock\views.py changed, reloading.
DEBUG:asyncio:Using proactor: IocpProactor
INFO:root:Splitting date !
INFO:root:Creating datetime object !
INFO:root:Started creating link for every single date !
INFO:root:Grabbing soup !
INFO:root:Running get_html(url) with URL: 'http://nepalstock.com.np/todaysprice?startDate=2011-11-11&stock-symbol=&_limit=500' !
INFO:root:Requesting data from http://nepalstock.com.np/todaysprice?startDate=2011-11-11&stock-symbol=&_limit=500 !
DEBUG:urllib3.connectionpool:Starting new HTTP connection (1): nepalstock.com.np:80
DEBUG:urllib3.connectionpool:http://nepalstock.com.np:80 "GET /todaysprice?startDate=2011-11-11&stock-symbol=&_limit=500 HTTP/1.1" 200 88863
INFO:root:Valid url http://nepalstock.com.np/todaysprice?startDate=2011-11-11&stock-symbol=&_limit=500 !
INFO:root:Grabbed HTML text from http://nepalstock.com.np/todaysprice?startDate=2011-11-11&stock-symbol=&_limit=500 !
INFO:root:HTML_TEXT length valid !
INFO:root:Creating soup for 'http://nepalstock.com.np/todaysprice?startDate=2011-11-11&stock-symbol=&_limit=500'
INFO:root:Soup Created for 'http://nepalstock.com.np/todaysprice?startDate=2011-11-11&stock-symbol=&_limit=500' !
INFO:root:Soup grabbed !
INFO:root:getting parsed nepse data !
INFO:root:Selecting tr > td !
INFO:root:started parsing data !
INFO:root:Data parsed, len(company): 0
INFO:root:Creating final data !
INFO:root:got parsed nepse data !
WARNING:root:Market seems to be closed in 2011-11-11 !
WARNING:root:--------------------------------------------------------
WARNING:root:Returned final data for --> 2011-11-12 !
INFO:root:Splitting date !
INFO:root:Creating datetime object !
INFO:root:Started creating link for every single date !
INFO:root:Grabbing soup !
INFO:root:Running get_html(url) with URL: 'http://nepalstock.com.np/todaysprice?startDate=2012-11-11&stock-symbol=&_limit=500' !
INFO:root:Requesting data from http://nepalstock.com.np/todaysprice?startDate=2012-11-11&stock-symbol=&_limit=500 !
DEBUG:urllib3.connectionpool:Starting new HTTP connection (1): nepalstock.com.np:80
DEBUG:urllib3.connectionpool:http://nepalstock.com.np:80 "GET /todaysprice?startDate=2012-11-11&stock-symbol=&_limit=500 HTTP/1.1" 200 141635
INFO:root:Valid url http://nepalstock.com.np/todaysprice?startDate=2012-11-11&stock-symbol=&_limit=500 !
INFO:root:Grabbed HTML text from http://nepalstock.com.np/todaysprice?startDate=2012-11-11&stock-symbol=&_limit=500 !
INFO:root:HTML_TEXT length valid !
INFO:root:Creating soup for 'http://nepalstock.com.np/todaysprice?startDate=2012-11-11&stock-symbol=&_limit=500'
INFO:root:Soup Created for 'http://nepalstock.com.np/todaysprice?startDate=2012-11-11&stock-symbol=&_limit=500' !
INFO:root:Soup grabbed !
INFO:root:getting parsed nepse data !
INFO:root:Selecting tr > td !
INFO:root:started parsing data !
INFO:root:Data parsed, len(company): 80
INFO:root:Creating final data !
INFO:root:got parsed nepse data !
WARNING:root:Market seems to be open in 2012-11-11 !
WARNING:root:--------------------------------------------------------
WARNING:root:Returned final data for --> 2012-11-12 !
INFO:django.utils.autoreload:D:\Code\Python\Django\DataAPI\NepalStock\views.py changed, reloading.
DEBUG:asyncio:Using proactor: IocpProactor
INFO:root:Splitting date !
INFO:root:Creating datetime object !
INFO:root:Started creating link for every single date !
INFO:root:Grabbing soup !
INFO:root:Running get_html(url) with URL: 'http://nepalstock.com.np/todaysprice?startDate=2012-11-11&stock-symbol=&_limit=500' !
INFO:root:Requesting data from http://nepalstock.com.np/todaysprice?startDate=2012-11-11&stock-symbol=&_limit=500 !
DEBUG:urllib3.connectionpool:Starting new HTTP connection (1): nepalstock.com.np:80
ERROR:root:Fatal error in get_html() --> 'HTTPConnectionPool(host='nepalstock.com.np', port=80): Max retries exceeded with url: /todaysprice?startDate=2012-11-11&stock-symbol=&_limit=500 (Caused by NewConnectionError('<urllib3.connection.HTTPConnection object at 0x000001D8B1FD5550>: Failed to establish a new connection: [WinError 10060] A connection attempt failed because the connected party did not properly respond after a period of time, or established connection failed because connected host has failed to respond'))'
INFO:root:HTML_TEXT length invalid !
INFO:root:Returning blank soup !
INFO:root:Soup grabbed !
INFO:root:getting parsed nepse data !
INFO:root:Selecting tr > td !
INFO:root:started parsing data !
INFO:root:Data parsed, len(company): 0
INFO:root:Creating final data !
ERROR:root:Fatal error in parse_nepse_data() --> list index out of range
INFO:root:got parsed nepse data !
WARNING:root:Market seems to be closed in 2012-11-11 !
WARNING:root:--------------------------------------------------------
WARNING:root:Returned final data for --> 2012-11-12 !
INFO:django.utils.autoreload:D:\Code\Python\Django\DataAPI\NepalStock\models.py changed, reloading.
DEBUG:asyncio:Using proactor: IocpProactor
INFO:django.utils.autoreload:D:\Code\Python\Django\DataAPI\NepalStock\models.py changed, reloading.
DEBUG:asyncio:Using proactor: IocpProactor
INFO:django.utils.autoreload:D:\Code\Python\Django\DataAPI\NepalStock\models.py changed, reloading.
DEBUG:asyncio:Using proactor: IocpProactor
DEBUG:asyncio:Using proactor: IocpProactor
INFO:root:Splitting date !
INFO:root:Creating datetime object !
INFO:root:Started creating link for every single date !
INFO:root:Grabbing soup !
INFO:root:Running get_html(url) with URL: 'http://nepalstock.com.np/todaysprice?startDate=2012-11-11&stock-symbol=&_limit=500' !
INFO:root:Requesting data from http://nepalstock.com.np/todaysprice?startDate=2012-11-11&stock-symbol=&_limit=500 !
DEBUG:urllib3.connectionpool:Starting new HTTP connection (1): nepalstock.com.np:80
ERROR:root:Fatal error in get_html() --> 'HTTPConnectionPool(host='nepalstock.com.np', port=80): Max retries exceeded with url: /todaysprice?startDate=2012-11-11&stock-symbol=&_limit=500 (Caused by NewConnectionError('<urllib3.connection.HTTPConnection object at 0x0000021237D3A130>: Failed to establish a new connection: [Errno 11001] getaddrinfo failed'))'
INFO:root:HTML_TEXT length invalid !
INFO:root:Returning blank soup !
INFO:root:Soup grabbed !
INFO:root:getting parsed nepse data !
INFO:root:Selecting tr > td !
INFO:root:started parsing data !
INFO:root:Data parsed, len(company): 0
INFO:root:Creating final data !
ERROR:root:Fatal error in parse_nepse_data() --> list index out of range
INFO:root:got parsed nepse data !
WARNING:root:Market seems to be closed in 2012-11-11 !
WARNING:root:--------------------------------------------------------
WARNING:root:Returned final data for --> 2012-11-12 !
DEBUG:asyncio:Using proactor: IocpProactor
DEBUG:asyncio:Using proactor: IocpProactor
DEBUG:asyncio:Using proactor: IocpProactor
INFO:django.utils.autoreload:D:\Code\Python\Django\DataAPI\NepalStock\admin.py changed, reloading.
DEBUG:asyncio:Using proactor: IocpProactor
INFO:django.utils.autoreload:D:\Code\Python\Django\DataAPI\NepalStock\admin.py changed, reloading.
DEBUG:asyncio:Using proactor: IocpProactor
INFO:django.utils.autoreload:D:\Code\Python\Django\DataAPI\NepalStock\admin.py changed, reloading.
DEBUG:asyncio:Using proactor: IocpProactor
DEBUG:asyncio:Using proactor: IocpProactor
INFO:root:Splitting date !
INFO:root:Creating datetime object !
INFO:root:Started creating link for every single date !
INFO:root:Grabbing soup !
INFO:root:Running get_html(url) with URL: 'http://nepalstock.com.np/todaysprice?startDate=2012-11-11&stock-symbol=&_limit=500' !
INFO:root:Requesting data from http://nepalstock.com.np/todaysprice?startDate=2012-11-11&stock-symbol=&_limit=500 !
DEBUG:urllib3.connectionpool:Starting new HTTP connection (1): nepalstock.com.np:80
ERROR:root:Fatal error in get_html() --> 'HTTPConnectionPool(host='nepalstock.com.np', port=80): Max retries exceeded with url: /todaysprice?startDate=2012-11-11&stock-symbol=&_limit=500 (Caused by NewConnectionError('<urllib3.connection.HTTPConnection object at 0x000001D320028130>: Failed to establish a new connection: [Errno 11001] getaddrinfo failed'))'
INFO:root:HTML_TEXT length invalid !
INFO:root:Returning blank soup !
INFO:root:Soup grabbed !
INFO:root:getting parsed nepse data !
INFO:root:Selecting tr > td !
INFO:root:started parsing data !
INFO:root:Data parsed, len(company): 0
INFO:root:Creating final data !
ERROR:root:Fatal error in parse_nepse_data() --> list index out of range
INFO:root:got parsed nepse data !
WARNING:root:Market seems to be closed in 2012-11-11 !
WARNING:root:--------------------------------------------------------
WARNING:root:Returned final data for --> 2012-11-12 !
DEBUG:asyncio:Using proactor: IocpProactor
DEBUG:asyncio:Using proactor: IocpProactor
DEBUG:asyncio:Using proactor: IocpProactor
DEBUG:asyncio:Using proactor: IocpProactor
DEBUG:asyncio:Using proactor: IocpProactor
DEBUG:asyncio:Using proactor: IocpProactor
DEBUG:asyncio:Using proactor: IocpProactor
DEBUG:asyncio:Using proactor: IocpProactor
DEBUG:asyncio:Using proactor: IocpProactor
DEBUG:asyncio:Using proactor: IocpProactor
INFO:root:Splitting date !
INFO:root:Creating datetime object !
INFO:root:Started creating link for every single date !
INFO:root:Grabbing soup !
INFO:root:Running get_html(url) with URL: 'http://nepalstock.com.np/todaysprice?startDate=2012-11-11&stock-symbol=&_limit=500' !
INFO:root:Requesting data from http://nepalstock.com.np/todaysprice?startDate=2012-11-11&stock-symbol=&_limit=500 !
DEBUG:urllib3.connectionpool:Starting new HTTP connection (1): nepalstock.com.np:80
ERROR:root:Fatal error in get_html() --> 'HTTPConnectionPool(host='nepalstock.com.np', port=80): Max retries exceeded with url: /todaysprice?startDate=2012-11-11&stock-symbol=&_limit=500 (Caused by NewConnectionError('<urllib3.connection.HTTPConnection object at 0x000001A76DB49FA0>: Failed to establish a new connection: [Errno 11001] getaddrinfo failed'))'
INFO:root:HTML_TEXT length invalid !
INFO:root:Returning blank soup !
INFO:root:Soup grabbed !
INFO:root:getting parsed nepse data !
INFO:root:Selecting tr > td !
INFO:root:started parsing data !
INFO:root:Data parsed, len(company): 0
INFO:root:Creating final data !
ERROR:root:Fatal error in parse_nepse_data() --> list index out of range
INFO:root:got parsed nepse data !
WARNING:root:Market seems to be closed in 2012-11-11 !
WARNING:root:--------------------------------------------------------
WARNING:root:Returned final data for --> 2012-11-12 !
WARNING:django.request:Not Found: /user/login
INFO:django.utils.autoreload:D:\Code\Python\Django\DataAPI\shareManager\views.py changed, reloading.
DEBUG:asyncio:Using proactor: IocpProactor
INFO:django.utils.autoreload:D:\Code\Python\Django\DataAPI\shareManager\views.py changed, reloading.
DEBUG:asyncio:Using proactor: IocpProactor
INFO:django.utils.autoreload:D:\Code\Python\Django\DataAPI\shareManager\views.py changed, reloading.
DEBUG:asyncio:Using proactor: IocpProactor
INFO:django.utils.autoreload:D:\Code\Python\Django\DataAPI\shareManager\views.py changed, reloading.
DEBUG:asyncio:Using proactor: IocpProactor
INFO:django.utils.autoreload:D:\Code\Python\Django\DataAPI\shareManager\views.py changed, reloading.
DEBUG:asyncio:Using proactor: IocpProactor
INFO:django.utils.autoreload:D:\Code\Python\Django\DataAPI\shareManager\views.py changed, reloading.
DEBUG:asyncio:Using proactor: IocpProactor
INFO:django.utils.autoreload:D:\Code\Python\Django\DataAPI\shareManager\views.py changed, reloading.
DEBUG:asyncio:Using proactor: IocpProactor
INFO:django.utils.autoreload:D:\Code\Python\Django\DataAPI\shareManager\views.py changed, reloading.
DEBUG:asyncio:Using proactor: IocpProactor
INFO:django.utils.autoreload:D:\Code\Python\Django\DataAPI\shareManager\views.py changed, reloading.
DEBUG:asyncio:Using proactor: IocpProactor
INFO:django.utils.autoreload:D:\Code\Python\Django\DataAPI\shareManager\views.py changed, reloading.
DEBUG:asyncio:Using proactor: IocpProactor
INFO:django.utils.autoreload:D:\Code\Python\Django\DataAPI\shareManager\views.py changed, reloading.
DEBUG:asyncio:Using proactor: IocpProactor
INFO:django.utils.autoreload:D:\Code\Python\Django\DataAPI\shareManager\views.py changed, reloading.
DEBUG:asyncio:Using proactor: IocpProactor
INFO:django.utils.autoreload:D:\Code\Python\Django\DataAPI\shareManager\views.py changed, reloading.
DEBUG:asyncio:Using proactor: IocpProactor
INFO:django.utils.autoreload:D:\Code\Python\Django\DataAPI\DataAPI\settings.py changed, reloading.
DEBUG:asyncio:Using proactor: IocpProactor
INFO:django.utils.autoreload:D:\Code\Python\Django\DataAPI\shareManager\views.py changed, reloading.
DEBUG:asyncio:Using proactor: IocpProactor
INFO:django.utils.autoreload:D:\Code\Python\Django\DataAPI\shareManager\views.py changed, reloading.
DEBUG:asyncio:Using proactor: IocpProactor
INFO:django.utils.autoreload:D:\Code\Python\Django\DataAPI\shareManager\views.py changed, reloading.
DEBUG:asyncio:Using proactor: IocpProactor
INFO:django.utils.autoreload:D:\Code\Python\Django\DataAPI\shareManager\views.py changed, reloading.
DEBUG:asyncio:Using proactor: IocpProactor
INFO:django.utils.autoreload:D:\Code\Python\Django\DataAPI\shareManager\views.py changed, reloading.
DEBUG:asyncio:Using proactor: IocpProactor
INFO:django.utils.autoreload:D:\Code\Python\Django\DataAPI\shareManager\views.py changed, reloading.
DEBUG:asyncio:Using proactor: IocpProactor
INFO:django.utils.autoreload:D:\Code\Python\Django\DataAPI\shareManager\views.py changed, reloading.
DEBUG:asyncio:Using proactor: IocpProactor
INFO:django.utils.autoreload:D:\Code\Python\Django\DataAPI\DataAPI\settings.py changed, reloading.
DEBUG:asyncio:Using proactor: IocpProactor
INFO:django.utils.autoreload:D:\Code\Python\Django\DataAPI\shareManager\views.py changed, reloading.
DEBUG:asyncio:Using proactor: IocpProactor
INFO:django.utils.autoreload:D:\Code\Python\Django\DataAPI\shareManager\views.py changed, reloading.
DEBUG:asyncio:Using proactor: IocpProactor
INFO:django.utils.autoreload:D:\Code\Python\Django\DataAPI\shareManager\views.py changed, reloading.
DEBUG:asyncio:Using proactor: IocpProactor
INFO:django.utils.autoreload:D:\Code\Python\Django\DataAPI\shareManager\views.py changed, reloading.
DEBUG:asyncio:Using proactor: IocpProactor
INFO:django.utils.autoreload:D:\Code\Python\Django\DataAPI\shareManager\views.py changed, reloading.
DEBUG:asyncio:Using proactor: IocpProactor
INFO:django.utils.autoreload:D:\Code\Python\Django\DataAPI\shareManager\views.py changed, reloading.
DEBUG:asyncio:Using proactor: IocpProactor
INFO:django.utils.autoreload:D:\Code\Python\Django\DataAPI\shareManager\views.py changed, reloading.
DEBUG:asyncio:Using proactor: IocpProactor
ERROR:django.request:Internal Server Error: /api/nepal-stock/daily-price/11-11-2012/
Traceback (most recent call last):
  File "D:\Code\Python\Django\DataAPI\shareManager\views.py", line 42, in share_daily_price
    company_transaction = company_transaction_cache.filter(
  File "C:\Users\bhask\anaconda3\envs\DjangoEnv\lib\site-packages\django\db\models\query.py", line 904, in filter
    return self._filter_or_exclude(False, *args, **kwargs)
  File "C:\Users\bhask\anaconda3\envs\DjangoEnv\lib\site-packages\django\db\models\query.py", line 923, in _filter_or_exclude
    clone.query.add_q(Q(*args, **kwargs))
  File "C:\Users\bhask\anaconda3\envs\DjangoEnv\lib\site-packages\django\db\models\sql\query.py", line 1350, in add_q
    clause, _ = self._add_q(q_object, self.used_aliases)
  File "C:\Users\bhask\anaconda3\envs\DjangoEnv\lib\site-packages\django\db\models\sql\query.py", line 1377, in _add_q
    child_clause, needed_inner = self.build_filter(
  File "C:\Users\bhask\anaconda3\envs\DjangoEnv\lib\site-packages\django\db\models\sql\query.py", line 1311, in build_filter
    condition = self.build_lookup(lookups, col, value)
  File "C:\Users\bhask\anaconda3\envs\DjangoEnv\lib\site-packages\django\db\models\sql\query.py", line 1165, in build_lookup
    lookup = lookup_class(lhs, rhs)
  File "C:\Users\bhask\anaconda3\envs\DjangoEnv\lib\site-packages\django\db\models\lookups.py", line 22, in __init__
    self.rhs = self.get_prep_lookup()
  File "C:\Users\bhask\anaconda3\envs\DjangoEnv\lib\site-packages\django\db\models\lookups.py", line 72, in get_prep_lookup
    return self.lhs.output_field.get_prep_value(self.rhs)
  File "C:\Users\bhask\anaconda3\envs\DjangoEnv\lib\site-packages\django\db\models\fields\__init__.py", line 1215, in get_prep_value
    return self.to_python(value)
  File "C:\Users\bhask\anaconda3\envs\DjangoEnv\lib\site-packages\django\db\models\fields\__init__.py", line 1187, in to_python
    raise exceptions.ValidationError(
django.core.exceptions.ValidationError: ['“11-11-2012” value has an invalid date format. It must be in YYYY-MM-DD format.']

During handling of the above exception, another exception occurred:

Traceback (most recent call last):
  File "C:\Users\bhask\anaconda3\envs\DjangoEnv\lib\site-packages\django\core\handlers\exception.py", line 34, in inner
    response = get_response(request)
  File "C:\Users\bhask\anaconda3\envs\DjangoEnv\lib\site-packages\django\core\handlers\base.py", line 115, in _get_response
    response = self.process_exception_by_middleware(e, request)
  File "C:\Users\bhask\anaconda3\envs\DjangoEnv\lib\site-packages\django\core\handlers\base.py", line 113, in _get_response
    response = wrapped_callback(request, *callback_args, **callback_kwargs)
  File "D:\Code\Python\Django\DataAPI\shareManager\views.py", line 52, in share_daily_price
    return JsonResponse({"errors": e})
  File "C:\Users\bhask\anaconda3\envs\DjangoEnv\lib\site-packages\django\http\response.py", line 561, in __init__
    data = json.dumps(data, cls=encoder, **json_dumps_params)
  File "C:\Users\bhask\anaconda3\envs\DjangoEnv\lib\json\__init__.py", line 234, in dumps
    return cls(
  File "C:\Users\bhask\anaconda3\envs\DjangoEnv\lib\json\encoder.py", line 199, in encode
    chunks = self.iterencode(o, _one_shot=True)
  File "C:\Users\bhask\anaconda3\envs\DjangoEnv\lib\json\encoder.py", line 257, in iterencode
    return _iterencode(o, 0)
  File "C:\Users\bhask\anaconda3\envs\DjangoEnv\lib\site-packages\django\core\serializers\json.py", line 104, in default
    return super().default(o)
  File "C:\Users\bhask\anaconda3\envs\DjangoEnv\lib\json\encoder.py", line 179, in default
    raise TypeError(f'Object of type {o.__class__.__name__} '
TypeError: Object of type ValidationError is not JSON serializable
INFO:django.utils.autoreload:D:\Code\Python\Django\DataAPI\shareManager\views.py changed, reloading.
DEBUG:asyncio:Using proactor: IocpProactor
INFO:django.utils.autoreload:D:\Code\Python\Django\DataAPI\shareManager\views.py changed, reloading.
DEBUG:asyncio:Using proactor: IocpProactor
INFO:django.utils.autoreload:D:\Code\Python\Django\DataAPI\shareManager\views.py changed, reloading.
DEBUG:asyncio:Using proactor: IocpProactor
INFO:django.utils.autoreload:D:\Code\Python\Django\DataAPI\shareManager\views.py changed, reloading.
DEBUG:asyncio:Using proactor: IocpProactor
INFO:django.utils.autoreload:D:\Code\Python\Django\DataAPI\shareManager\views.py changed, reloading.
DEBUG:asyncio:Using proactor: IocpProactor
INFO:django.utils.autoreload:D:\Code\Python\Django\DataAPI\shareManager\views.py changed, reloading.
DEBUG:asyncio:Using proactor: IocpProactor
INFO:django.utils.autoreload:D:\Code\Python\Django\DataAPI\shareManager\views.py changed, reloading.
DEBUG:asyncio:Using proactor: IocpProactor
INFO:django.utils.autoreload:D:\Code\Python\Django\DataAPI\shareManager\views.py changed, reloading.
DEBUG:asyncio:Using proactor: IocpProactor
INFO:django.utils.autoreload:D:\Code\Python\Django\DataAPI\shareManager\views.py changed, reloading.
DEBUG:asyncio:Using proactor: IocpProactor
ERROR:django.request:Internal Server Error: /api/nepal-stock/daily-price/11-11-2012/
Traceback (most recent call last):
  File "D:\Code\Python\Django\DataAPI\shareManager\views.py", line 42, in share_daily_price
    company_transaction = company_transaction_cache.filter(
  File "C:\Users\bhask\anaconda3\envs\DjangoEnv\lib\site-packages\django\db\models\query.py", line 904, in filter
    return self._filter_or_exclude(False, *args, **kwargs)
  File "C:\Users\bhask\anaconda3\envs\DjangoEnv\lib\site-packages\django\db\models\query.py", line 923, in _filter_or_exclude
    clone.query.add_q(Q(*args, **kwargs))
  File "C:\Users\bhask\anaconda3\envs\DjangoEnv\lib\site-packages\django\db\models\sql\query.py", line 1350, in add_q
    clause, _ = self._add_q(q_object, self.used_aliases)
  File "C:\Users\bhask\anaconda3\envs\DjangoEnv\lib\site-packages\django\db\models\sql\query.py", line 1377, in _add_q
    child_clause, needed_inner = self.build_filter(
  File "C:\Users\bhask\anaconda3\envs\DjangoEnv\lib\site-packages\django\db\models\sql\query.py", line 1311, in build_filter
    condition = self.build_lookup(lookups, col, value)
  File "C:\Users\bhask\anaconda3\envs\DjangoEnv\lib\site-packages\django\db\models\sql\query.py", line 1165, in build_lookup
    lookup = lookup_class(lhs, rhs)
  File "C:\Users\bhask\anaconda3\envs\DjangoEnv\lib\site-packages\django\db\models\lookups.py", line 22, in __init__
    self.rhs = self.get_prep_lookup()
  File "C:\Users\bhask\anaconda3\envs\DjangoEnv\lib\site-packages\django\db\models\lookups.py", line 72, in get_prep_lookup
    return self.lhs.output_field.get_prep_value(self.rhs)
  File "C:\Users\bhask\anaconda3\envs\DjangoEnv\lib\site-packages\django\db\models\fields\__init__.py", line 1215, in get_prep_value
    return self.to_python(value)
  File "C:\Users\bhask\anaconda3\envs\DjangoEnv\lib\site-packages\django\db\models\fields\__init__.py", line 1187, in to_python
    raise exceptions.ValidationError(
django.core.exceptions.ValidationError: ['“11-11-2012” value has an invalid date format. It must be in YYYY-MM-DD format.']

During handling of the above exception, another exception occurred:

Traceback (most recent call last):
  File "C:\Users\bhask\anaconda3\envs\DjangoEnv\lib\site-packages\django\core\handlers\exception.py", line 34, in inner
    response = get_response(request)
  File "C:\Users\bhask\anaconda3\envs\DjangoEnv\lib\site-packages\django\core\handlers\base.py", line 115, in _get_response
    response = self.process_exception_by_middleware(e, request)
  File "C:\Users\bhask\anaconda3\envs\DjangoEnv\lib\site-packages\django\core\handlers\base.py", line 113, in _get_response
    response = wrapped_callback(request, *callback_args, **callback_kwargs)
  File "D:\Code\Python\Django\DataAPI\shareManager\views.py", line 52, in share_daily_price
    print(str(e).replace("[").replace("]"))
TypeError: replace expected at least 2 arguments, got 1
INFO:django.utils.autoreload:D:\Code\Python\Django\DataAPI\shareManager\views.py changed, reloading.
DEBUG:asyncio:Using proactor: IocpProactor
INFO:django.utils.autoreload:D:\Code\Python\Django\DataAPI\shareManager\views.py changed, reloading.
DEBUG:asyncio:Using proactor: IocpProactor
INFO:django.utils.autoreload:D:\Code\Python\Django\DataAPI\shareManager\views.py changed, reloading.
DEBUG:asyncio:Using proactor: IocpProactor
ERROR:django.request:Internal Server Error: /api/nepal-stock/daily-price/11-11-2012/
Traceback (most recent call last):
  File "D:\Code\Python\Django\DataAPI\shareManager\views.py", line 42, in share_daily_price
    company_transaction = company_transaction_cache.filter(
  File "C:\Users\bhask\anaconda3\envs\DjangoEnv\lib\site-packages\django\db\models\query.py", line 904, in filter
    return self._filter_or_exclude(False, *args, **kwargs)
  File "C:\Users\bhask\anaconda3\envs\DjangoEnv\lib\site-packages\django\db\models\query.py", line 923, in _filter_or_exclude
    clone.query.add_q(Q(*args, **kwargs))
  File "C:\Users\bhask\anaconda3\envs\DjangoEnv\lib\site-packages\django\db\models\sql\query.py", line 1350, in add_q
    clause, _ = self._add_q(q_object, self.used_aliases)
  File "C:\Users\bhask\anaconda3\envs\DjangoEnv\lib\site-packages\django\db\models\sql\query.py", line 1377, in _add_q
    child_clause, needed_inner = self.build_filter(
  File "C:\Users\bhask\anaconda3\envs\DjangoEnv\lib\site-packages\django\db\models\sql\query.py", line 1311, in build_filter
    condition = self.build_lookup(lookups, col, value)
  File "C:\Users\bhask\anaconda3\envs\DjangoEnv\lib\site-packages\django\db\models\sql\query.py", line 1165, in build_lookup
    lookup = lookup_class(lhs, rhs)
  File "C:\Users\bhask\anaconda3\envs\DjangoEnv\lib\site-packages\django\db\models\lookups.py", line 22, in __init__
    self.rhs = self.get_prep_lookup()
  File "C:\Users\bhask\anaconda3\envs\DjangoEnv\lib\site-packages\django\db\models\lookups.py", line 72, in get_prep_lookup
    return self.lhs.output_field.get_prep_value(self.rhs)
  File "C:\Users\bhask\anaconda3\envs\DjangoEnv\lib\site-packages\django\db\models\fields\__init__.py", line 1215, in get_prep_value
    return self.to_python(value)
  File "C:\Users\bhask\anaconda3\envs\DjangoEnv\lib\site-packages\django\db\models\fields\__init__.py", line 1187, in to_python
    raise exceptions.ValidationError(
django.core.exceptions.ValidationError: ['“11-11-2012” value has an invalid date format. It must be in YYYY-MM-DD format.']

During handling of the above exception, another exception occurred:

Traceback (most recent call last):
  File "C:\Users\bhask\anaconda3\envs\DjangoEnv\lib\site-packages\django\core\handlers\exception.py", line 34, in inner
    response = get_response(request)
  File "C:\Users\bhask\anaconda3\envs\DjangoEnv\lib\site-packages\django\core\handlers\base.py", line 115, in _get_response
    response = self.process_exception_by_middleware(e, request)
  File "C:\Users\bhask\anaconda3\envs\DjangoEnv\lib\site-packages\django\core\handlers\base.py", line 113, in _get_response
    response = wrapped_callback(request, *callback_args, **callback_kwargs)
  File "D:\Code\Python\Django\DataAPI\shareManager\views.py", line 53, in share_daily_price
    return JsonResponse({"errors": str(e)}, encoder="utf-8")
  File "C:\Users\bhask\anaconda3\envs\DjangoEnv\lib\site-packages\django\http\response.py", line 561, in __init__
    data = json.dumps(data, cls=encoder, **json_dumps_params)
  File "C:\Users\bhask\anaconda3\envs\DjangoEnv\lib\json\__init__.py", line 234, in dumps
    return cls(
TypeError: 'str' object is not callable
INFO:django.utils.autoreload:D:\Code\Python\Django\DataAPI\shareManager\views.py changed, reloading.
DEBUG:asyncio:Using proactor: IocpProactor
ERROR:django.request:Internal Server Error: /api/nepal-stock/daily-price/11-11-2012/
Traceback (most recent call last):
  File "D:\Code\Python\Django\DataAPI\shareManager\views.py", line 42, in share_daily_price
    company_transaction = company_transaction_cache.filter(
  File "C:\Users\bhask\anaconda3\envs\DjangoEnv\lib\site-packages\django\db\models\query.py", line 904, in filter
    return self._filter_or_exclude(False, *args, **kwargs)
  File "C:\Users\bhask\anaconda3\envs\DjangoEnv\lib\site-packages\django\db\models\query.py", line 923, in _filter_or_exclude
    clone.query.add_q(Q(*args, **kwargs))
  File "C:\Users\bhask\anaconda3\envs\DjangoEnv\lib\site-packages\django\db\models\sql\query.py", line 1350, in add_q
    clause, _ = self._add_q(q_object, self.used_aliases)
  File "C:\Users\bhask\anaconda3\envs\DjangoEnv\lib\site-packages\django\db\models\sql\query.py", line 1377, in _add_q
    child_clause, needed_inner = self.build_filter(
  File "C:\Users\bhask\anaconda3\envs\DjangoEnv\lib\site-packages\django\db\models\sql\query.py", line 1311, in build_filter
    condition = self.build_lookup(lookups, col, value)
  File "C:\Users\bhask\anaconda3\envs\DjangoEnv\lib\site-packages\django\db\models\sql\query.py", line 1165, in build_lookup
    lookup = lookup_class(lhs, rhs)
  File "C:\Users\bhask\anaconda3\envs\DjangoEnv\lib\site-packages\django\db\models\lookups.py", line 22, in __init__
    self.rhs = self.get_prep_lookup()
  File "C:\Users\bhask\anaconda3\envs\DjangoEnv\lib\site-packages\django\db\models\lookups.py", line 72, in get_prep_lookup
    return self.lhs.output_field.get_prep_value(self.rhs)
  File "C:\Users\bhask\anaconda3\envs\DjangoEnv\lib\site-packages\django\db\models\fields\__init__.py", line 1215, in get_prep_value
    return self.to_python(value)
  File "C:\Users\bhask\anaconda3\envs\DjangoEnv\lib\site-packages\django\db\models\fields\__init__.py", line 1187, in to_python
    raise exceptions.ValidationError(
django.core.exceptions.ValidationError: ['“11-11-2012” value has an invalid date format. It must be in YYYY-MM-DD format.']

During handling of the above exception, another exception occurred:

Traceback (most recent call last):
  File "C:\Users\bhask\anaconda3\envs\DjangoEnv\lib\site-packages\django\core\handlers\exception.py", line 34, in inner
    response = get_response(request)
  File "C:\Users\bhask\anaconda3\envs\DjangoEnv\lib\site-packages\django\core\handlers\base.py", line 115, in _get_response
    response = self.process_exception_by_middleware(e, request)
  File "C:\Users\bhask\anaconda3\envs\DjangoEnv\lib\site-packages\django\core\handlers\base.py", line 113, in _get_response
    response = wrapped_callback(request, *callback_args, **callback_kwargs)
  File "D:\Code\Python\Django\DataAPI\shareManager\views.py", line 53, in share_daily_price
    return JsonResponse({"errors": str(e, encoding="utf-8")})
TypeError: decoding to str: need a bytes-like object, ValidationError found
INFO:django.utils.autoreload:D:\Code\Python\Django\DataAPI\shareManager\views.py changed, reloading.
DEBUG:asyncio:Using proactor: IocpProactor
ERROR:django.request:Internal Server Error: /api/nepal-stock/daily-price/11-11-2012/
Traceback (most recent call last):
  File "D:\Code\Python\Django\DataAPI\shareManager\views.py", line 42, in share_daily_price
    company_transaction = company_transaction_cache.filter(
  File "C:\Users\bhask\anaconda3\envs\DjangoEnv\lib\site-packages\django\db\models\query.py", line 904, in filter
    return self._filter_or_exclude(False, *args, **kwargs)
  File "C:\Users\bhask\anaconda3\envs\DjangoEnv\lib\site-packages\django\db\models\query.py", line 923, in _filter_or_exclude
    clone.query.add_q(Q(*args, **kwargs))
  File "C:\Users\bhask\anaconda3\envs\DjangoEnv\lib\site-packages\django\db\models\sql\query.py", line 1350, in add_q
    clause, _ = self._add_q(q_object, self.used_aliases)
  File "C:\Users\bhask\anaconda3\envs\DjangoEnv\lib\site-packages\django\db\models\sql\query.py", line 1377, in _add_q
    child_clause, needed_inner = self.build_filter(
  File "C:\Users\bhask\anaconda3\envs\DjangoEnv\lib\site-packages\django\db\models\sql\query.py", line 1311, in build_filter
    condition = self.build_lookup(lookups, col, value)
  File "C:\Users\bhask\anaconda3\envs\DjangoEnv\lib\site-packages\django\db\models\sql\query.py", line 1165, in build_lookup
    lookup = lookup_class(lhs, rhs)
  File "C:\Users\bhask\anaconda3\envs\DjangoEnv\lib\site-packages\django\db\models\lookups.py", line 22, in __init__
    self.rhs = self.get_prep_lookup()
  File "C:\Users\bhask\anaconda3\envs\DjangoEnv\lib\site-packages\django\db\models\lookups.py", line 72, in get_prep_lookup
    return self.lhs.output_field.get_prep_value(self.rhs)
  File "C:\Users\bhask\anaconda3\envs\DjangoEnv\lib\site-packages\django\db\models\fields\__init__.py", line 1215, in get_prep_value
    return self.to_python(value)
  File "C:\Users\bhask\anaconda3\envs\DjangoEnv\lib\site-packages\django\db\models\fields\__init__.py", line 1187, in to_python
    raise exceptions.ValidationError(
django.core.exceptions.ValidationError: ['“11-11-2012” value has an invalid date format. It must be in YYYY-MM-DD format.']

During handling of the above exception, another exception occurred:

Traceback (most recent call last):
  File "C:\Users\bhask\anaconda3\envs\DjangoEnv\lib\site-packages\django\core\handlers\exception.py", line 34, in inner
    response = get_response(request)
  File "C:\Users\bhask\anaconda3\envs\DjangoEnv\lib\site-packages\django\core\handlers\base.py", line 115, in _get_response
    response = self.process_exception_by_middleware(e, request)
  File "C:\Users\bhask\anaconda3\envs\DjangoEnv\lib\site-packages\django\core\handlers\base.py", line 113, in _get_response
    response = wrapped_callback(request, *callback_args, **callback_kwargs)
  File "D:\Code\Python\Django\DataAPI\shareManager\views.py", line 53, in share_daily_price
    return JsonResponse({"errors": str(e, encoding="utf-8")})
TypeError: decoding to str: need a bytes-like object, ValidationError found
INFO:django.utils.autoreload:D:\Code\Python\Django\DataAPI\shareManager\views.py changed, reloading.
DEBUG:asyncio:Using proactor: IocpProactor
INFO:django.utils.autoreload:D:\Code\Python\Django\DataAPI\shareManager\views.py changed, reloading.
DEBUG:asyncio:Using proactor: IocpProactor
INFO:django.utils.autoreload:D:\Code\Python\Django\DataAPI\shareManager\views.py changed, reloading.
DEBUG:asyncio:Using proactor: IocpProactor
INFO:django.utils.autoreload:D:\Code\Python\Django\DataAPI\shareManager\views.py changed, reloading.
DEBUG:asyncio:Using proactor: IocpProactor
INFO:django.utils.autoreload:D:\Code\Python\Django\DataAPI\shareManager\views.py changed, reloading.
DEBUG:asyncio:Using proactor: IocpProactor
ERROR:django.request:Internal Server Error: /api/nepal-stock/daily-price/11-11-2012/
Traceback (most recent call last):
  File "D:\Code\Python\Django\DataAPI\shareManager\views.py", line 42, in share_daily_price
    company_transaction = company_transaction_cache.filter(
  File "C:\Users\bhask\anaconda3\envs\DjangoEnv\lib\site-packages\django\db\models\query.py", line 904, in filter
    return self._filter_or_exclude(False, *args, **kwargs)
  File "C:\Users\bhask\anaconda3\envs\DjangoEnv\lib\site-packages\django\db\models\query.py", line 923, in _filter_or_exclude
    clone.query.add_q(Q(*args, **kwargs))
  File "C:\Users\bhask\anaconda3\envs\DjangoEnv\lib\site-packages\django\db\models\sql\query.py", line 1350, in add_q
    clause, _ = self._add_q(q_object, self.used_aliases)
  File "C:\Users\bhask\anaconda3\envs\DjangoEnv\lib\site-packages\django\db\models\sql\query.py", line 1377, in _add_q
    child_clause, needed_inner = self.build_filter(
  File "C:\Users\bhask\anaconda3\envs\DjangoEnv\lib\site-packages\django\db\models\sql\query.py", line 1311, in build_filter
    condition = self.build_lookup(lookups, col, value)
  File "C:\Users\bhask\anaconda3\envs\DjangoEnv\lib\site-packages\django\db\models\sql\query.py", line 1165, in build_lookup
    lookup = lookup_class(lhs, rhs)
  File "C:\Users\bhask\anaconda3\envs\DjangoEnv\lib\site-packages\django\db\models\lookups.py", line 22, in __init__
    self.rhs = self.get_prep_lookup()
  File "C:\Users\bhask\anaconda3\envs\DjangoEnv\lib\site-packages\django\db\models\lookups.py", line 72, in get_prep_lookup
    return self.lhs.output_field.get_prep_value(self.rhs)
  File "C:\Users\bhask\anaconda3\envs\DjangoEnv\lib\site-packages\django\db\models\fields\__init__.py", line 1215, in get_prep_value
    return self.to_python(value)
  File "C:\Users\bhask\anaconda3\envs\DjangoEnv\lib\site-packages\django\db\models\fields\__init__.py", line 1187, in to_python
    raise exceptions.ValidationError(
django.core.exceptions.ValidationError: ['“11-11-2012” value has an invalid date format. It must be in YYYY-MM-DD format.']

During handling of the above exception, another exception occurred:

Traceback (most recent call last):
  File "C:\Users\bhask\anaconda3\envs\DjangoEnv\lib\site-packages\django\core\handlers\exception.py", line 34, in inner
    response = get_response(request)
  File "C:\Users\bhask\anaconda3\envs\DjangoEnv\lib\site-packages\django\core\handlers\base.py", line 115, in _get_response
    response = self.process_exception_by_middleware(e, request)
  File "C:\Users\bhask\anaconda3\envs\DjangoEnv\lib\site-packages\django\core\handlers\base.py", line 113, in _get_response
    response = wrapped_callback(request, *callback_args, **callback_kwargs)
  File "D:\Code\Python\Django\DataAPI\shareManager\views.py", line 52, in share_daily_price
    return JsonResponse({"errors": e})
  File "C:\Users\bhask\anaconda3\envs\DjangoEnv\lib\site-packages\django\http\response.py", line 561, in __init__
    data = json.dumps(data, cls=encoder, **json_dumps_params)
  File "C:\Users\bhask\anaconda3\envs\DjangoEnv\lib\json\__init__.py", line 234, in dumps
    return cls(
  File "C:\Users\bhask\anaconda3\envs\DjangoEnv\lib\json\encoder.py", line 199, in encode
    chunks = self.iterencode(o, _one_shot=True)
  File "C:\Users\bhask\anaconda3\envs\DjangoEnv\lib\json\encoder.py", line 257, in iterencode
    return _iterencode(o, 0)
  File "C:\Users\bhask\anaconda3\envs\DjangoEnv\lib\site-packages\django\core\serializers\json.py", line 104, in default
    return super().default(o)
  File "C:\Users\bhask\anaconda3\envs\DjangoEnv\lib\json\encoder.py", line 179, in default
    raise TypeError(f'Object of type {o.__class__.__name__} '
TypeError: Object of type ValidationError is not JSON serializable
INFO:django.utils.autoreload:D:\Code\Python\Django\DataAPI\shareManager\views.py changed, reloading.
DEBUG:asyncio:Using proactor: IocpProactor
INFO:django.utils.autoreload:D:\Code\Python\Django\DataAPI\shareManager\views.py changed, reloading.
DEBUG:asyncio:Using proactor: IocpProactor
INFO:django.utils.autoreload:D:\Code\Python\Django\DataAPI\shareManager\views.py changed, reloading.
DEBUG:asyncio:Using proactor: IocpProactor
INFO:django.utils.autoreload:D:\Code\Python\Django\DataAPI\shareManager\views.py changed, reloading.
DEBUG:asyncio:Using proactor: IocpProactor
INFO:django.utils.autoreload:D:\Code\Python\Django\DataAPI\shareManager\views.py changed, reloading.
DEBUG:asyncio:Using proactor: IocpProactor
INFO:django.utils.autoreload:D:\Code\Python\Django\DataAPI\shareManager\serializers.py changed, reloading.
DEBUG:asyncio:Using proactor: IocpProactor
INFO:django.utils.autoreload:D:\Code\Python\Django\DataAPI\shareManager\serializers.py changed, reloading.
DEBUG:asyncio:Using proactor: IocpProactor
INFO:django.utils.autoreload:D:\Code\Python\Django\DataAPI\shareManager\serializers.py changed, reloading.
DEBUG:asyncio:Using proactor: IocpProactor
INFO:django.utils.autoreload:D:\Code\Python\Django\DataAPI\shareManager\serializers.py changed, reloading.
DEBUG:asyncio:Using proactor: IocpProactor
INFO:django.utils.autoreload:D:\Code\Python\Django\DataAPI\shareManager\serializers.py changed, reloading.
DEBUG:asyncio:Using proactor: IocpProactor
INFO:django.utils.autoreload:D:\Code\Python\Django\DataAPI\shareManager\serializers.py changed, reloading.
DEBUG:asyncio:Using proactor: IocpProactor
INFO:django.utils.autoreload:D:\Code\Python\Django\DataAPI\shareManager\serializers.py changed, reloading.
DEBUG:asyncio:Using proactor: IocpProactor
INFO:django.utils.autoreload:D:\Code\Python\Django\DataAPI\shareManager\serializers.py changed, reloading.
DEBUG:asyncio:Using proactor: IocpProactor
INFO:django.utils.autoreload:D:\Code\Python\Django\DataAPI\shareManager\views.py changed, reloading.
DEBUG:asyncio:Using proactor: IocpProactor
INFO:django.utils.autoreload:D:\Code\Python\Django\DataAPI\shareManager\serializers.py changed, reloading.
DEBUG:asyncio:Using proactor: IocpProactor
INFO:django.utils.autoreload:D:\Code\Python\Django\DataAPI\shareManager\models.py changed, reloading.
DEBUG:asyncio:Using proactor: IocpProactor
INFO:django.utils.autoreload:D:\Code\Python\Django\DataAPI\shareManager\models.py changed, reloading.
DEBUG:asyncio:Using proactor: IocpProactor
INFO:django.utils.autoreload:D:\Code\Python\Django\DataAPI\shareManager\models.py changed, reloading.
DEBUG:asyncio:Using proactor: IocpProactor
INFO:django.utils.autoreload:D:\Code\Python\Django\DataAPI\shareManager\models.py changed, reloading.
DEBUG:asyncio:Using proactor: IocpProactor
INFO:django.utils.autoreload:D:\Code\Python\Django\DataAPI\shareManager\serializers.py changed, reloading.
DEBUG:asyncio:Using proactor: IocpProactor
INFO:django.utils.autoreload:D:\Code\Python\Django\DataAPI\shareManager\serializers.py changed, reloading.
DEBUG:asyncio:Using proactor: IocpProactor
INFO:django.utils.autoreload:D:\Code\Python\Django\DataAPI\shareManager\views.py changed, reloading.
DEBUG:asyncio:Using proactor: IocpProactor
INFO:django.utils.autoreload:D:\Code\Python\Django\DataAPI\shareManager\views.py changed, reloading.
DEBUG:asyncio:Using proactor: IocpProactor
ERROR:django.request:Internal Server Error: /api/nepal-stock/daily-price/2012-11-11/
Traceback (most recent call last):
  File "C:\Users\bhask\anaconda3\envs\DjangoEnv\lib\site-packages\django\core\handlers\exception.py", line 34, in inner
    response = get_response(request)
  File "C:\Users\bhask\anaconda3\envs\DjangoEnv\lib\site-packages\django\utils\deprecation.py", line 96, in __call__
    response = self.process_response(request, response)
  File "C:\Users\bhask\anaconda3\envs\DjangoEnv\lib\site-packages\django\middleware\clickjacking.py", line 26, in process_response
    if response.get('X-Frame-Options') is not None:
AttributeError: 'bytes' object has no attribute 'get'
INFO:django.utils.autoreload:D:\Code\Python\Django\DataAPI\shareManager\views.py changed, reloading.
DEBUG:asyncio:Using proactor: IocpProactor
INFO:django.utils.autoreload:D:\Code\Python\Django\DataAPI\shareManager\serializers.py changed, reloading.
DEBUG:asyncio:Using proactor: IocpProactor
INFO:django.utils.autoreload:D:\Code\Python\Django\DataAPI\shareManager\serializers.py changed, reloading.
DEBUG:asyncio:Using proactor: IocpProactor
INFO:django.utils.autoreload:D:\Code\Python\Django\DataAPI\shareManager\serializers.py changed, reloading.
DEBUG:asyncio:Using proactor: IocpProactor
ERROR:django.request:Internal Server Error: /api/nepal-stock/daily-price/2012-11-11/
Traceback (most recent call last):
  File "C:\Users\bhask\anaconda3\envs\DjangoEnv\lib\site-packages\django\core\handlers\exception.py", line 34, in inner
    response = get_response(request)
  File "C:\Users\bhask\anaconda3\envs\DjangoEnv\lib\site-packages\django\utils\deprecation.py", line 96, in __call__
    response = self.process_response(request, response)
  File "C:\Users\bhask\anaconda3\envs\DjangoEnv\lib\site-packages\django\middleware\clickjacking.py", line 26, in process_response
    if response.get('X-Frame-Options') is not None:
AttributeError: 'bytes' object has no attribute 'get'
INFO:django.utils.autoreload:D:\Code\Python\Django\DataAPI\shareManager\views.py changed, reloading.
DEBUG:asyncio:Using proactor: IocpProactor
INFO:django.utils.autoreload:D:\Code\Python\Django\DataAPI\shareManager\views.py changed, reloading.
DEBUG:asyncio:Using proactor: IocpProactor
INFO:django.utils.autoreload:D:\Code\Python\Django\DataAPI\shareManager\views.py changed, reloading.
DEBUG:asyncio:Using proactor: IocpProactor
INFO:django.utils.autoreload:D:\Code\Python\Django\DataAPI\shareManager\views.py changed, reloading.
DEBUG:asyncio:Using proactor: IocpProactor
INFO:django.utils.autoreload:D:\Code\Python\Django\DataAPI\shareManager\views.py changed, reloading.
DEBUG:asyncio:Using proactor: IocpProactor
INFO:django.utils.autoreload:D:\Code\Python\Django\DataAPI\shareManager\views.py changed, reloading.
DEBUG:asyncio:Using proactor: IocpProactor
ERROR:django.request:Internal Server Error: /api/nepal-stock/daily-price/2012-11-11/
Traceback (most recent call last):
  File "C:\Users\bhask\anaconda3\envs\DjangoEnv\lib\site-packages\django\core\handlers\exception.py", line 34, in inner
    response = get_response(request)
  File "C:\Users\bhask\anaconda3\envs\DjangoEnv\lib\site-packages\django\core\handlers\base.py", line 115, in _get_response
    response = self.process_exception_by_middleware(e, request)
  File "C:\Users\bhask\anaconda3\envs\DjangoEnv\lib\site-packages\django\core\handlers\base.py", line 113, in _get_response
    response = wrapped_callback(request, *callback_args, **callback_kwargs)
TypeError: decorator() got an unexpected keyword argument 'start_date'
INFO:django.utils.autoreload:D:\Code\Python\Django\DataAPI\shareManager\views.py changed, reloading.
DEBUG:asyncio:Using proactor: IocpProactor
INFO:django.utils.autoreload:D:\Code\Python\Django\DataAPI\shareManager\views.py changed, reloading.
DEBUG:asyncio:Using proactor: IocpProactor
ERROR:django.request:Internal Server Error: /api/nepal-stock/daily-price/2012-11-11/
Traceback (most recent call last):
  File "C:\Users\bhask\anaconda3\envs\DjangoEnv\lib\site-packages\django\core\handlers\exception.py", line 34, in inner
    response = get_response(request)
  File "C:\Users\bhask\anaconda3\envs\DjangoEnv\lib\site-packages\django\core\handlers\base.py", line 115, in _get_response
    response = self.process_exception_by_middleware(e, request)
  File "C:\Users\bhask\anaconda3\envs\DjangoEnv\lib\site-packages\django\core\handlers\base.py", line 113, in _get_response
    response = wrapped_callback(request, *callback_args, **callback_kwargs)
  File "C:\Users\bhask\anaconda3\envs\DjangoEnv\lib\site-packages\django\views\decorators\csrf.py", line 54, in wrapped_view
    return view_func(*args, **kwargs)
  File "C:\Users\bhask\anaconda3\envs\DjangoEnv\lib\site-packages\django\views\generic\base.py", line 71, in view
    return self.dispatch(request, *args, **kwargs)
  File "C:\Users\bhask\anaconda3\envs\DjangoEnv\lib\site-packages\rest_framework\views.py", line 507, in dispatch
    self.response = self.finalize_response(request, response, *args, **kwargs)
  File "C:\Users\bhask\anaconda3\envs\DjangoEnv\lib\site-packages\rest_framework\views.py", line 419, in finalize_response
    assert isinstance(response, HttpResponseBase), (
AssertionError: Expected a `Response`, `HttpResponse` or `HttpStreamingResponse` to be returned from the view, but received a `<class 'bytes'>`
ERROR:django.request:Internal Server Error: /api/nepal-stock/daily-price/2012-11-11/
Traceback (most recent call last):
  File "C:\Users\bhask\anaconda3\envs\DjangoEnv\lib\site-packages\django\core\handlers\exception.py", line 34, in inner
    response = get_response(request)
  File "C:\Users\bhask\anaconda3\envs\DjangoEnv\lib\site-packages\django\core\handlers\base.py", line 115, in _get_response
    response = self.process_exception_by_middleware(e, request)
  File "C:\Users\bhask\anaconda3\envs\DjangoEnv\lib\site-packages\django\core\handlers\base.py", line 113, in _get_response
    response = wrapped_callback(request, *callback_args, **callback_kwargs)
  File "C:\Users\bhask\anaconda3\envs\DjangoEnv\lib\site-packages\django\views\decorators\csrf.py", line 54, in wrapped_view
    return view_func(*args, **kwargs)
  File "C:\Users\bhask\anaconda3\envs\DjangoEnv\lib\site-packages\django\views\generic\base.py", line 71, in view
    return self.dispatch(request, *args, **kwargs)
  File "C:\Users\bhask\anaconda3\envs\DjangoEnv\lib\site-packages\rest_framework\views.py", line 507, in dispatch
    self.response = self.finalize_response(request, response, *args, **kwargs)
  File "C:\Users\bhask\anaconda3\envs\DjangoEnv\lib\site-packages\rest_framework\views.py", line 419, in finalize_response
    assert isinstance(response, HttpResponseBase), (
AssertionError: Expected a `Response`, `HttpResponse` or `HttpStreamingResponse` to be returned from the view, but received a `<class 'bytes'>`
INFO:django.utils.autoreload:D:\Code\Python\Django\DataAPI\shareManager\views.py changed, reloading.
DEBUG:asyncio:Using proactor: IocpProactor
INFO:django.utils.autoreload:D:\Code\Python\Django\DataAPI\shareManager\views.py changed, reloading.
DEBUG:asyncio:Using proactor: IocpProactor
INFO:django.utils.autoreload:D:\Code\Python\Django\DataAPI\shareManager\views.py changed, reloading.
DEBUG:asyncio:Using proactor: IocpProactor
ERROR:django.request:Internal Server Error: /api/nepal-stock/daily-price/2012-11-11/
Traceback (most recent call last):
  File "C:\Users\bhask\anaconda3\envs\DjangoEnv\lib\site-packages\django\core\handlers\exception.py", line 34, in inner
    response = get_response(request)
  File "C:\Users\bhask\anaconda3\envs\DjangoEnv\lib\site-packages\django\core\handlers\base.py", line 115, in _get_response
    response = self.process_exception_by_middleware(e, request)
  File "C:\Users\bhask\anaconda3\envs\DjangoEnv\lib\site-packages\django\core\handlers\base.py", line 113, in _get_response
    response = wrapped_callback(request, *callback_args, **callback_kwargs)
  File "C:\Users\bhask\anaconda3\envs\DjangoEnv\lib\site-packages\django\views\decorators\csrf.py", line 54, in wrapped_view
    return view_func(*args, **kwargs)
  File "C:\Users\bhask\anaconda3\envs\DjangoEnv\lib\site-packages\django\views\generic\base.py", line 71, in view
    return self.dispatch(request, *args, **kwargs)
  File "C:\Users\bhask\anaconda3\envs\DjangoEnv\lib\site-packages\rest_framework\views.py", line 507, in dispatch
    self.response = self.finalize_response(request, response, *args, **kwargs)
  File "C:\Users\bhask\anaconda3\envs\DjangoEnv\lib\site-packages\rest_framework\views.py", line 419, in finalize_response
    assert isinstance(response, HttpResponseBase), (
AssertionError: Expected a `Response`, `HttpResponse` or `HttpStreamingResponse` to be returned from the view, but received a `<class 'bytes'>`
INFO:django.utils.autoreload:D:\Code\Python\Django\DataAPI\shareManager\views.py changed, reloading.
DEBUG:asyncio:Using proactor: IocpProactor
INFO:django.utils.autoreload:D:\Code\Python\Django\DataAPI\shareManager\views.py changed, reloading.
DEBUG:asyncio:Using proactor: IocpProactor
INFO:django.utils.autoreload:D:\Code\Python\Django\DataAPI\shareManager\views.py changed, reloading.
DEBUG:asyncio:Using proactor: IocpProactor
INFO:django.utils.autoreload:D:\Code\Python\Django\DataAPI\shareManager\views.py changed, reloading.
DEBUG:asyncio:Using proactor: IocpProactor
INFO:django.utils.autoreload:D:\Code\Python\Django\DataAPI\shareManager\views.py changed, reloading.
DEBUG:asyncio:Using proactor: IocpProactor
INFO:django.utils.autoreload:D:\Code\Python\Django\DataAPI\shareManager\views.py changed, reloading.
DEBUG:asyncio:Using proactor: IocpProactor
INFO:django.utils.autoreload:D:\Code\Python\Django\DataAPI\shareManager\views.py changed, reloading.
DEBUG:asyncio:Using proactor: IocpProactor
INFO:django.utils.autoreload:D:\Code\Python\Django\DataAPI\shareManager\views.py changed, reloading.
DEBUG:asyncio:Using proactor: IocpProactor
INFO:django.utils.autoreload:D:\Code\Python\Django\DataAPI\shareManager\views.py changed, reloading.
DEBUG:asyncio:Using proactor: IocpProactor
INFO:django.utils.autoreload:D:\Code\Python\Django\DataAPI\shareManager\serializers.py changed, reloading.
DEBUG:asyncio:Using proactor: IocpProactor
INFO:django.utils.autoreload:D:\Code\Python\Django\DataAPI\shareManager\serializers.py changed, reloading.
DEBUG:asyncio:Using proactor: IocpProactor
INFO:django.utils.autoreload:D:\Code\Python\Django\DataAPI\shareManager\views.py changed, reloading.
DEBUG:asyncio:Using proactor: IocpProactor
DEBUG:asyncio:Using proactor: IocpProactor
INFO:django.utils.autoreload:D:\Code\Python\Django\DataAPI\shareManager\views.py changed, reloading.
DEBUG:asyncio:Using proactor: IocpProactor
INFO:django.utils.autoreload:D:\Code\Python\Django\DataAPI\shareManager\views.py changed, reloading.
DEBUG:asyncio:Using proactor: IocpProactor
INFO:django.utils.autoreload:D:\Code\Python\Django\DataAPI\shareManager\views.py changed, reloading.
DEBUG:asyncio:Using proactor: IocpProactor
INFO:django.utils.autoreload:D:\Code\Python\Django\DataAPI\shareManager\views.py changed, reloading.
DEBUG:asyncio:Using proactor: IocpProactor
INFO:django.utils.autoreload:D:\Code\Python\Django\DataAPI\shareManager\views.py changed, reloading.
DEBUG:asyncio:Using proactor: IocpProactor
INFO:django.utils.autoreload:D:\Code\Python\Django\DataAPI\shareManager\views.py changed, reloading.
DEBUG:asyncio:Using proactor: IocpProactor
INFO:django.utils.autoreload:D:\Code\Python\Django\DataAPI\shareManager\views.py changed, reloading.
DEBUG:asyncio:Using proactor: IocpProactor
INFO:django.utils.autoreload:D:\Code\Python\Django\DataAPI\shareManager\views.py changed, reloading.
DEBUG:asyncio:Using proactor: IocpProactor
INFO:django.utils.autoreload:D:\Code\Python\Django\DataAPI\shareManager\views.py changed, reloading.
DEBUG:asyncio:Using proactor: IocpProactor
INFO:django.utils.autoreload:D:\Code\Python\Django\DataAPI\shareManager\views.py changed, reloading.
DEBUG:asyncio:Using proactor: IocpProactor
INFO:django.utils.autoreload:D:\Code\Python\Django\DataAPI\shareManager\views.py changed, reloading.
DEBUG:asyncio:Using proactor: IocpProactor
INFO:django.utils.autoreload:D:\Code\Python\Django\DataAPI\shareManager\views.py changed, reloading.
DEBUG:asyncio:Using proactor: IocpProactor
INFO:django.utils.autoreload:D:\Code\Python\Django\DataAPI\shareManager\urls.py changed, reloading.
DEBUG:asyncio:Using proactor: IocpProactor
INFO:django.utils.autoreload:D:\Code\Python\Django\DataAPI\shareManager\urls.py changed, reloading.
DEBUG:asyncio:Using proactor: IocpProactor
INFO:django.utils.autoreload:D:\Code\Python\Django\DataAPI\shareManager\urls.py changed, reloading.
DEBUG:asyncio:Using proactor: IocpProactor
DEBUG:asyncio:Using proactor: IocpProactor
INFO:django.utils.autoreload:D:\Code\Python\Django\DataAPI\shareManager\serializers.py changed, reloading.
DEBUG:asyncio:Using proactor: IocpProactor
INFO:django.utils.autoreload:D:\Code\Python\Django\DataAPI\shareManager\serializers.py changed, reloading.
DEBUG:asyncio:Using proactor: IocpProactor
INFO:django.utils.autoreload:D:\Code\Python\Django\DataAPI\shareManager\views.py changed, reloading.
DEBUG:asyncio:Using proactor: IocpProactor
INFO:django.utils.autoreload:D:\Code\Python\Django\DataAPI\shareManager\views.py changed, reloading.
DEBUG:asyncio:Using proactor: IocpProactor
INFO:django.utils.autoreload:D:\Code\Python\Django\DataAPI\shareManager\views.py changed, reloading.
DEBUG:asyncio:Using proactor: IocpProactor
INFO:django.utils.autoreload:D:\Code\Python\Django\DataAPI\shareManager\views.py changed, reloading.
DEBUG:asyncio:Using proactor: IocpProactor
INFO:django.utils.autoreload:D:\Code\Python\Django\DataAPI\shareManager\views.py changed, reloading.
DEBUG:asyncio:Using proactor: IocpProactor
INFO:django.utils.autoreload:D:\Code\Python\Django\DataAPI\shareManager\views.py changed, reloading.
DEBUG:asyncio:Using proactor: IocpProactor
INFO:django.utils.autoreload:D:\Code\Python\Django\DataAPI\shareManager\views.py changed, reloading.
DEBUG:asyncio:Using proactor: IocpProactor
INFO:django.utils.autoreload:D:\Code\Python\Django\DataAPI\shareManager\views.py changed, reloading.
DEBUG:asyncio:Using proactor: IocpProactor
INFO:django.utils.autoreload:D:\Code\Python\Django\DataAPI\shareManager\views.py changed, reloading.
DEBUG:asyncio:Using proactor: IocpProactor
INFO:django.utils.autoreload:D:\Code\Python\Django\DataAPI\shareManager\views.py changed, reloading.
DEBUG:asyncio:Using proactor: IocpProactor
INFO:django.utils.autoreload:D:\Code\Python\Django\DataAPI\shareManager\views.py changed, reloading.
DEBUG:asyncio:Using proactor: IocpProactor
INFO:django.utils.autoreload:D:\Code\Python\Django\DataAPI\shareManager\views.py changed, reloading.
DEBUG:asyncio:Using proactor: IocpProactor
INFO:django.utils.autoreload:D:\Code\Python\Django\DataAPI\shareManager\views.py changed, reloading.
DEBUG:asyncio:Using proactor: IocpProactor
INFO:django.utils.autoreload:D:\Code\Python\Django\DataAPI\shareManager\views.py changed, reloading.
DEBUG:asyncio:Using proactor: IocpProactor
INFO:django.utils.autoreload:D:\Code\Python\Django\DataAPI\shareManager\views.py changed, reloading.
DEBUG:asyncio:Using proactor: IocpProactor
INFO:django.utils.autoreload:D:\Code\Python\Django\DataAPI\shareManager\views.py changed, reloading.
DEBUG:asyncio:Using proactor: IocpProactor
INFO:django.utils.autoreload:D:\Code\Python\Django\DataAPI\shareManager\views.py changed, reloading.
DEBUG:asyncio:Using proactor: IocpProactor
INFO:django.utils.autoreload:D:\Code\Python\Django\DataAPI\shareManager\views.py changed, reloading.
DEBUG:asyncio:Using proactor: IocpProactor
INFO:django.utils.autoreload:D:\Code\Python\Django\DataAPI\shareManager\views.py changed, reloading.
DEBUG:asyncio:Using proactor: IocpProactor
INFO:django.utils.autoreload:D:\Code\Python\Django\DataAPI\shareManager\views.py changed, reloading.
DEBUG:asyncio:Using proactor: IocpProactor
INFO:django.utils.autoreload:D:\Code\Python\Django\DataAPI\shareManager\views.py changed, reloading.
DEBUG:asyncio:Using proactor: IocpProactor
INFO:django.utils.autoreload:D:\Code\Python\Django\DataAPI\shareManager\views.py changed, reloading.
DEBUG:asyncio:Using proactor: IocpProactor
INFO:django.utils.autoreload:D:\Code\Python\Django\DataAPI\shareManager\views.py changed, reloading.
DEBUG:asyncio:Using proactor: IocpProactor
INFO:django.utils.autoreload:D:\Code\Python\Django\DataAPI\shareManager\views.py changed, reloading.
DEBUG:asyncio:Using proactor: IocpProactor
INFO:django.utils.autoreload:D:\Code\Python\Django\DataAPI\shareManager\views.py changed, reloading.
DEBUG:asyncio:Using proactor: IocpProactor
INFO:django.utils.autoreload:D:\Code\Python\Django\DataAPI\shareManager\serializers.py changed, reloading.
DEBUG:asyncio:Using proactor: IocpProactor
INFO:django.utils.autoreload:D:\Code\Python\Django\DataAPI\shareManager\serializers.py changed, reloading.
DEBUG:asyncio:Using proactor: IocpProactor
INFO:django.utils.autoreload:D:\Code\Python\Django\DataAPI\shareManager\serializers.py changed, reloading.
DEBUG:asyncio:Using proactor: IocpProactor
INFO:django.utils.autoreload:D:\Code\Python\Django\DataAPI\shareManager\views.py changed, reloading.
DEBUG:asyncio:Using proactor: IocpProactor
INFO:django.utils.autoreload:D:\Code\Python\Django\DataAPI\shareManager\urls.py changed, reloading.
DEBUG:asyncio:Using proactor: IocpProactor
INFO:django.utils.autoreload:D:\Code\Python\Django\DataAPI\shareManager\urls.py changed, reloading.
DEBUG:asyncio:Using proactor: IocpProactor
INFO:django.utils.autoreload:D:\Code\Python\Django\DataAPI\shareManager\urls.py changed, reloading.
DEBUG:asyncio:Using proactor: IocpProactor
INFO:django.utils.autoreload:D:\Code\Python\Django\DataAPI\shareManager\urls.py changed, reloading.
DEBUG:asyncio:Using proactor: IocpProactor
INFO:django.utils.autoreload:D:\Code\Python\Django\DataAPI\shareManager\urls.py changed, reloading.
DEBUG:asyncio:Using proactor: IocpProactor
INFO:django.utils.autoreload:D:\Code\Python\Django\DataAPI\shareManager\urls.py changed, reloading.
DEBUG:asyncio:Using proactor: IocpProactor
INFO:django.utils.autoreload:D:\Code\Python\Django\DataAPI\shareManager\urls.py changed, reloading.
DEBUG:asyncio:Using proactor: IocpProactor
WARNING:django.request:Not Found: /api/nepal-stock/total-transaction/2012-11-11/
INFO:django.utils.autoreload:D:\Code\Python\Django\DataAPI\shareManager\views.py changed, reloading.
DEBUG:asyncio:Using proactor: IocpProactor
INFO:django.utils.autoreload:D:\Code\Python\Django\DataAPI\shareManager\views.py changed, reloading.
DEBUG:asyncio:Using proactor: IocpProactor
INFO:django.utils.autoreload:D:\Code\Python\Django\DataAPI\shareManager\urls.py changed, reloading.
DEBUG:asyncio:Using proactor: IocpProactor
INFO:django.utils.autoreload:D:\Code\Python\Django\DataAPI\shareManager\models.py changed, reloading.
DEBUG:asyncio:Using proactor: IocpProactor
INFO:django.utils.autoreload:D:\Code\Python\Django\DataAPI\shareManager\models.py changed, reloading.
DEBUG:asyncio:Using proactor: IocpProactor
DEBUG:asyncio:Using proactor: IocpProactor
DEBUG:asyncio:Using proactor: IocpProactor
INFO:django.utils.autoreload:D:\Code\Python\Django\DataAPI\shareManager\admin.py changed, reloading.
DEBUG:asyncio:Using proactor: IocpProactor
DEBUG:asyncio:Using proactor: IocpProactor
ERROR:django.request:Internal Server Error: /api/nepal-stock/daily-total-transaction/2012-11-11/2013-11-11/
Traceback (most recent call last):
  File "C:\Users\bhask\anaconda3\envs\DjangoEnv\lib\site-packages\django\core\handlers\exception.py", line 34, in inner
    response = get_response(request)
  File "C:\Users\bhask\anaconda3\envs\DjangoEnv\lib\site-packages\django\core\handlers\base.py", line 115, in _get_response
    response = self.process_exception_by_middleware(e, request)
  File "C:\Users\bhask\anaconda3\envs\DjangoEnv\lib\site-packages\django\core\handlers\base.py", line 113, in _get_response
    response = wrapped_callback(request, *callback_args, **callback_kwargs)
TypeError: share_daily_final_data() got an unexpected keyword argument 'key'
INFO:django.utils.autoreload:D:\Code\Python\Django\DataAPI\shareManager\views.py changed, reloading.
DEBUG:asyncio:Using proactor: IocpProactor
INFO:django.utils.autoreload:D:\Code\Python\Django\DataAPI\shareManager\views.py changed, reloading.
DEBUG:asyncio:Using proactor: IocpProactor
INFO:django.utils.autoreload:D:\Code\Python\Django\DataAPI\shareManager\views.py changed, reloading.
DEBUG:asyncio:Using proactor: IocpProactor
INFO:django.utils.autoreload:D:\Code\Python\Django\DataAPI\shareManager\views.py changed, reloading.
DEBUG:asyncio:Using proactor: IocpProactor
DEBUG:asyncio:Using proactor: IocpProactor
DEBUG:asyncio:Using proactor: IocpProactor
ERROR:django.request:Internal Server Error: /api/nepal-stock/daily-total-transaction/2012-11-11/2013-11-11/
Traceback (most recent call last):
  File "C:\Users\bhask\anaconda3\envs\DjangoEnv\lib\site-packages\django\core\handlers\exception.py", line 34, in inner
    response = get_response(request)
  File "C:\Users\bhask\anaconda3\envs\DjangoEnv\lib\site-packages\django\core\handlers\base.py", line 115, in _get_response
    response = self.process_exception_by_middleware(e, request)
  File "C:\Users\bhask\anaconda3\envs\DjangoEnv\lib\site-packages\django\core\handlers\base.py", line 113, in _get_response
    response = wrapped_callback(request, *callback_args, **callback_kwargs)
TypeError: share_daily_final_data() got an unexpected keyword argument 'key'
INFO:django.utils.autoreload:D:\Code\Python\Django\DataAPI\shareManager\views.py changed, reloading.
DEBUG:asyncio:Using proactor: IocpProactor
INFO:django.utils.autoreload:D:\Code\Python\Django\DataAPI\shareManager\views.py changed, reloading.
DEBUG:asyncio:Using proactor: IocpProactor
INFO:django.utils.autoreload:D:\Code\Python\Django\DataAPI\shareManager\views.py changed, reloading.
DEBUG:asyncio:Using proactor: IocpProactor
INFO:django.utils.autoreload:D:\Code\Python\Django\DataAPI\shareManager\views.py changed, reloading.
DEBUG:asyncio:Using proactor: IocpProactor
INFO:django.utils.autoreload:D:\Code\Python\Django\DataAPI\shareManager\views.py changed, reloading.
DEBUG:asyncio:Using proactor: IocpProactor
INFO:django.utils.autoreload:D:\Code\Python\Django\DataAPI\shareManager\views.py changed, reloading.
DEBUG:asyncio:Using proactor: IocpProactor
INFO:django.utils.autoreload:D:\Code\Python\Django\DataAPI\shareManager\views.py changed, reloading.
DEBUG:asyncio:Using proactor: IocpProactor
INFO:django.utils.autoreload:D:\Code\Python\Django\DataAPI\shareManager\views.py changed, reloading.
DEBUG:asyncio:Using proactor: IocpProactor
INFO:django.utils.autoreload:D:\Code\Python\Django\DataAPI\shareManager\views.py changed, reloading.
DEBUG:asyncio:Using proactor: IocpProactor
DEBUG:asyncio:Using proactor: IocpProactor
INFO:django.utils.autoreload:D:\Code\Python\Django\DataAPI\shareManager\views.py changed, reloading.
DEBUG:asyncio:Using proactor: IocpProactor
INFO:django.utils.autoreload:D:\Code\Python\Django\DataAPI\shareManager\views.py changed, reloading.
DEBUG:asyncio:Using proactor: IocpProactor
DEBUG:asyncio:Using proactor: IocpProactor
INFO:django.utils.autoreload:D:\Code\Python\Django\DataAPI\shareManager\views.py changed, reloading.
DEBUG:asyncio:Using proactor: IocpProactor
INFO:django.utils.autoreload:D:\Code\Python\Django\DataAPI\shareManager\views.py changed, reloading.
DEBUG:asyncio:Using proactor: IocpProactor
INFO:django.utils.autoreload:D:\Code\Python\Django\DataAPI\shareManager\views.py changed, reloading.
DEBUG:asyncio:Using proactor: IocpProactor
WARNING:django.request:Not Found: /api/nepal-stock/appleballcat.daily-total-transaction/2012-11-11/2013-11-11/
WARNING:django.request:Not Found: /api/nepal-stock/appleballcat/daily-total-transaction/2012-11-11/2013-11-11/
WARNING:django.request:Not Found: /api/nepal-stock/appleballcat/daily-total-transaction/2012-11-11
INFO:django.utils.autoreload:D:\Code\Python\Django\DataAPI\shareManager\views.py changed, reloading.
DEBUG:asyncio:Using proactor: IocpProactor
INFO:django.utils.autoreload:D:\Code\Python\Django\DataAPI\shareManager\views.py changed, reloading.
DEBUG:asyncio:Using proactor: IocpProactor
INFO:django.utils.autoreload:D:\Code\Python\Django\DataAPI\shareManager\views.py changed, reloading.
DEBUG:asyncio:Using proactor: IocpProactor
INFO:django.utils.autoreload:D:\Code\Python\Django\DataAPI\shareManager\views.py changed, reloading.
DEBUG:asyncio:Using proactor: IocpProactor
INFO:django.utils.autoreload:D:\Code\Python\Django\DataAPI\shareManager\views.py changed, reloading.
DEBUG:asyncio:Using proactor: IocpProactor
INFO:django.utils.autoreload:D:\Code\Python\Django\DataAPI\shareManager\views.py changed, reloading.
DEBUG:asyncio:Using proactor: IocpProactor
INFO:django.utils.autoreload:D:\Code\Python\Django\DataAPI\shareManager\views.py changed, reloading.
DEBUG:asyncio:Using proactor: IocpProactor
INFO:django.utils.autoreload:D:\Code\Python\Django\DataAPI\shareManager\views.py changed, reloading.
DEBUG:asyncio:Using proactor: IocpProactor
ERROR:django.request:Internal Server Error: /api/nepal-stock/daily-total-transaction/appleballcat/2012-11-11/2013-11-11/
Traceback (most recent call last):
  File "C:\Users\bhask\anaconda3\envs\DjangoEnv\lib\site-packages\django\core\handlers\exception.py", line 34, in inner
    response = get_response(request)
  File "C:\Users\bhask\anaconda3\envs\DjangoEnv\lib\site-packages\django\core\handlers\base.py", line 115, in _get_response
    response = self.process_exception_by_middleware(e, request)
  File "C:\Users\bhask\anaconda3\envs\DjangoEnv\lib\site-packages\django\core\handlers\base.py", line 113, in _get_response
    response = wrapped_callback(request, *callback_args, **callback_kwargs)
TypeError: share_daily_final_data() got an unexpected keyword argument 'key'
INFO:django.utils.autoreload:D:\Code\Python\Django\DataAPI\shareManager\urls.py changed, reloading.
DEBUG:asyncio:Using proactor: IocpProactor
WARNING:django.request:Not Found: /api/nepal-stock/daily-total-transaction/appleballcat/2012-11-11/2013-11-11/
INFO:django.utils.autoreload:D:\Code\Python\Django\DataAPI\shareManager\views.py changed, reloading.
DEBUG:asyncio:Using proactor: IocpProactor
INFO:django.utils.autoreload:D:\Code\Python\Django\DataAPI\shareManager\views.py changed, reloading.
DEBUG:asyncio:Using proactor: IocpProactor
INFO:django.utils.autoreload:D:\Code\Python\Django\DataAPI\shareManager\views.py changed, reloading.
DEBUG:asyncio:Using proactor: IocpProactor
INFO:django.utils.autoreload:D:\Code\Python\Django\DataAPI\shareManager\views.py changed, reloading.
DEBUG:asyncio:Using proactor: IocpProactor
INFO:django.utils.autoreload:D:\Code\Python\Django\DataAPI\shareManager\views.py changed, reloading.
DEBUG:asyncio:Using proactor: IocpProactor
INFO:django.utils.autoreload:D:\Code\Python\Django\DataAPI\shareManager\views.py changed, reloading.
DEBUG:asyncio:Using proactor: IocpProactor
INFO:django.utils.autoreload:D:\Code\Python\Django\DataAPI\shareManager\views.py changed, reloading.
DEBUG:asyncio:Using proactor: IocpProactor
INFO:django.utils.autoreload:D:\Code\Python\Django\DataAPI\shareManager\views.py changed, reloading.
DEBUG:asyncio:Using proactor: IocpProactor
INFO:django.utils.autoreload:D:\Code\Python\Django\DataAPI\shareManager\views.py changed, reloading.
DEBUG:asyncio:Using proactor: IocpProactor
INFO:django.utils.autoreload:D:\Code\Python\Django\DataAPI\shareManager\views.py changed, reloading.
DEBUG:asyncio:Using proactor: IocpProactor
INFO:django.utils.autoreload:D:\Code\Python\Django\DataAPI\shareManager\views.py changed, reloading.
DEBUG:asyncio:Using proactor: IocpProactor
INFO:django.utils.autoreload:D:\Code\Python\Django\DataAPI\shareManager\views.py changed, reloading.
DEBUG:asyncio:Using proactor: IocpProactor
INFO:django.utils.autoreload:D:\Code\Python\Django\DataAPI\shareManager\views.py changed, reloading.
DEBUG:asyncio:Using proactor: IocpProactor
INFO:django.utils.autoreload:D:\Code\Python\Django\DataAPI\shareManager\views.py changed, reloading.
DEBUG:asyncio:Using proactor: IocpProactor
INFO:django.utils.autoreload:D:\Code\Python\Django\DataAPI\shareManager\views.py changed, reloading.
DEBUG:asyncio:Using proactor: IocpProactor
INFO:django.utils.autoreload:D:\Code\Python\Django\DataAPI\shareManager\views.py changed, reloading.
DEBUG:asyncio:Using proactor: IocpProactor
INFO:django.utils.autoreload:D:\Code\Python\Django\DataAPI\shareManager\urls.py changed, reloading.
DEBUG:asyncio:Using proactor: IocpProactor
INFO:django.utils.autoreload:D:\Code\Python\Django\DataAPI\shareManager\urls.py changed, reloading.
DEBUG:asyncio:Using proactor: IocpProactor
INFO:django.utils.autoreload:D:\Code\Python\Django\DataAPI\shareManager\urls.py changed, reloading.
DEBUG:asyncio:Using proactor: IocpProactor
INFO:django.utils.autoreload:D:\Code\Python\Django\DataAPI\shareManager\urls.py changed, reloading.
DEBUG:asyncio:Using proactor: IocpProactor
INFO:django.utils.autoreload:D:\Code\Python\Django\DataAPI\shareManager\urls.py changed, reloading.
DEBUG:asyncio:Using proactor: IocpProactor
ERROR:django.request:Internal Server Error: /api/nepal-stock/daily-total-transaction/company-names/
Traceback (most recent call last):
  File "C:\Users\bhask\anaconda3\envs\DjangoEnv\lib\site-packages\django\core\handlers\exception.py", line 34, in inner
    response = get_response(request)
  File "C:\Users\bhask\anaconda3\envs\DjangoEnv\lib\site-packages\django\core\handlers\base.py", line 115, in _get_response
    response = self.process_exception_by_middleware(e, request)
  File "C:\Users\bhask\anaconda3\envs\DjangoEnv\lib\site-packages\django\core\handlers\base.py", line 113, in _get_response
    response = wrapped_callback(request, *callback_args, **callback_kwargs)
  File "D:\Code\Python\Django\DataAPI\shareManager\views.py", line 96, in share_daily_final_data
    from_date: str = str(parse_datetime(start_date).date())
  File "C:\Users\bhask\anaconda3\envs\DjangoEnv\lib\site-packages\dateutil\parser\_parser.py", line 1374, in parse
    return DEFAULTPARSER.parse(timestr, **kwargs)
  File "C:\Users\bhask\anaconda3\envs\DjangoEnv\lib\site-packages\dateutil\parser\_parser.py", line 649, in parse
    raise ParserError("Unknown string format: %s", timestr)
dateutil.parser._parser.ParserError: Unknown string format: company-names
INFO:django.utils.autoreload:D:\Code\Python\Django\DataAPI\shareManager\views.py changed, reloading.
DEBUG:asyncio:Using proactor: IocpProactor
INFO:django.utils.autoreload:D:\Code\Python\Django\DataAPI\shareManager\views.py changed, reloading.
DEBUG:asyncio:Using proactor: IocpProactor
INFO:django.utils.autoreload:D:\Code\Python\Django\DataAPI\shareManager\views.py changed, reloading.
DEBUG:asyncio:Using proactor: IocpProactor
ERROR:django.request:Internal Server Error: /api/nepal-stock/daily-total-transaction/company-names/
Traceback (most recent call last):
  File "C:\Users\bhask\anaconda3\envs\DjangoEnv\lib\site-packages\django\core\handlers\exception.py", line 34, in inner
    response = get_response(request)
  File "C:\Users\bhask\anaconda3\envs\DjangoEnv\lib\site-packages\django\core\handlers\base.py", line 115, in _get_response
    response = self.process_exception_by_middleware(e, request)
  File "C:\Users\bhask\anaconda3\envs\DjangoEnv\lib\site-packages\django\core\handlers\base.py", line 113, in _get_response
    response = wrapped_callback(request, *callback_args, **callback_kwargs)
  File "D:\Code\Python\Django\DataAPI\shareManager\views.py", line 96, in share_daily_final_data
    from_date: str = str(parse_datetime(start_date).date())
  File "C:\Users\bhask\anaconda3\envs\DjangoEnv\lib\site-packages\dateutil\parser\_parser.py", line 1374, in parse
    return DEFAULTPARSER.parse(timestr, **kwargs)
  File "C:\Users\bhask\anaconda3\envs\DjangoEnv\lib\site-packages\dateutil\parser\_parser.py", line 649, in parse
    raise ParserError("Unknown string format: %s", timestr)
dateutil.parser._parser.ParserError: Unknown string format: company-names
INFO:django.utils.autoreload:D:\Code\Python\Django\DataAPI\shareManager\urls.py changed, reloading.
DEBUG:asyncio:Using proactor: IocpProactor
ERROR:django.request:Internal Server Error: /api/nepal-stock/daily-total-transaction/company-names/
Traceback (most recent call last):
  File "C:\Users\bhask\anaconda3\envs\DjangoEnv\lib\site-packages\django\core\handlers\exception.py", line 34, in inner
    response = get_response(request)
  File "C:\Users\bhask\anaconda3\envs\DjangoEnv\lib\site-packages\django\core\handlers\base.py", line 115, in _get_response
    response = self.process_exception_by_middleware(e, request)
  File "C:\Users\bhask\anaconda3\envs\DjangoEnv\lib\site-packages\django\core\handlers\base.py", line 113, in _get_response
    response = wrapped_callback(request, *callback_args, **callback_kwargs)
  File "D:\Code\Python\Django\DataAPI\shareManager\views.py", line 96, in share_daily_final_data
    from_date: str = str(parse_datetime(start_date).date())
  File "C:\Users\bhask\anaconda3\envs\DjangoEnv\lib\site-packages\dateutil\parser\_parser.py", line 1374, in parse
    return DEFAULTPARSER.parse(timestr, **kwargs)
  File "C:\Users\bhask\anaconda3\envs\DjangoEnv\lib\site-packages\dateutil\parser\_parser.py", line 649, in parse
    raise ParserError("Unknown string format: %s", timestr)
dateutil.parser._parser.ParserError: Unknown string format: company-names
DEBUG:asyncio:Using proactor: IocpProactor
ERROR:django.request:Internal Server Error: /api/nepal-stock/daily-total-transaction/company-names/
Traceback (most recent call last):
  File "C:\Users\bhask\anaconda3\envs\DjangoEnv\lib\site-packages\django\core\handlers\exception.py", line 34, in inner
    response = get_response(request)
  File "C:\Users\bhask\anaconda3\envs\DjangoEnv\lib\site-packages\django\core\handlers\base.py", line 115, in _get_response
    response = self.process_exception_by_middleware(e, request)
  File "C:\Users\bhask\anaconda3\envs\DjangoEnv\lib\site-packages\django\core\handlers\base.py", line 113, in _get_response
    response = wrapped_callback(request, *callback_args, **callback_kwargs)
  File "D:\Code\Python\Django\DataAPI\shareManager\views.py", line 96, in share_daily_final_data
    from_date: str = str(parse_datetime(start_date).date())
  File "C:\Users\bhask\anaconda3\envs\DjangoEnv\lib\site-packages\dateutil\parser\_parser.py", line 1374, in parse
    return DEFAULTPARSER.parse(timestr, **kwargs)
  File "C:\Users\bhask\anaconda3\envs\DjangoEnv\lib\site-packages\dateutil\parser\_parser.py", line 649, in parse
    raise ParserError("Unknown string format: %s", timestr)
dateutil.parser._parser.ParserError: Unknown string format: company-names
ERROR:django.request:Internal Server Error: /api/nepal-stock/daily-total-transaction/company-names/
Traceback (most recent call last):
  File "C:\Users\bhask\anaconda3\envs\DjangoEnv\lib\site-packages\django\core\handlers\exception.py", line 34, in inner
    response = get_response(request)
  File "C:\Users\bhask\anaconda3\envs\DjangoEnv\lib\site-packages\django\core\handlers\base.py", line 115, in _get_response
    response = self.process_exception_by_middleware(e, request)
  File "C:\Users\bhask\anaconda3\envs\DjangoEnv\lib\site-packages\django\core\handlers\base.py", line 113, in _get_response
    response = wrapped_callback(request, *callback_args, **callback_kwargs)
  File "D:\Code\Python\Django\DataAPI\shareManager\views.py", line 96, in share_daily_final_data
    from_date: str = str(parse_datetime(start_date).date())
  File "C:\Users\bhask\anaconda3\envs\DjangoEnv\lib\site-packages\dateutil\parser\_parser.py", line 1374, in parse
    return DEFAULTPARSER.parse(timestr, **kwargs)
  File "C:\Users\bhask\anaconda3\envs\DjangoEnv\lib\site-packages\dateutil\parser\_parser.py", line 649, in parse
    raise ParserError("Unknown string format: %s", timestr)
dateutil.parser._parser.ParserError: Unknown string format: company-names
ERROR:django.request:Internal Server Error: /api/nepal-stock/daily-total-transaction/company-names/
Traceback (most recent call last):
  File "C:\Users\bhask\anaconda3\envs\DjangoEnv\lib\site-packages\django\core\handlers\exception.py", line 34, in inner
    response = get_response(request)
  File "C:\Users\bhask\anaconda3\envs\DjangoEnv\lib\site-packages\django\core\handlers\base.py", line 115, in _get_response
    response = self.process_exception_by_middleware(e, request)
  File "C:\Users\bhask\anaconda3\envs\DjangoEnv\lib\site-packages\django\core\handlers\base.py", line 113, in _get_response
    response = wrapped_callback(request, *callback_args, **callback_kwargs)
  File "D:\Code\Python\Django\DataAPI\shareManager\views.py", line 96, in share_daily_final_data
    from_date: str = str(parse_datetime(start_date).date())
  File "C:\Users\bhask\anaconda3\envs\DjangoEnv\lib\site-packages\dateutil\parser\_parser.py", line 1374, in parse
    return DEFAULTPARSER.parse(timestr, **kwargs)
  File "C:\Users\bhask\anaconda3\envs\DjangoEnv\lib\site-packages\dateutil\parser\_parser.py", line 649, in parse
    raise ParserError("Unknown string format: %s", timestr)
dateutil.parser._parser.ParserError: Unknown string format: company-names
DEBUG:asyncio:Using proactor: IocpProactor
ERROR:django.request:Internal Server Error: /api/nepal-stock/daily-total-transaction/company-names/
Traceback (most recent call last):
  File "C:\Users\bhask\anaconda3\envs\DjangoEnv\lib\site-packages\django\core\handlers\exception.py", line 34, in inner
    response = get_response(request)
  File "C:\Users\bhask\anaconda3\envs\DjangoEnv\lib\site-packages\django\core\handlers\base.py", line 115, in _get_response
    response = self.process_exception_by_middleware(e, request)
  File "C:\Users\bhask\anaconda3\envs\DjangoEnv\lib\site-packages\django\core\handlers\base.py", line 113, in _get_response
    response = wrapped_callback(request, *callback_args, **callback_kwargs)
  File "D:\Code\Python\Django\DataAPI\shareManager\views.py", line 96, in share_daily_final_data
    from_date: str = str(parse_datetime(start_date).date())
  File "C:\Users\bhask\anaconda3\envs\DjangoEnv\lib\site-packages\dateutil\parser\_parser.py", line 1374, in parse
    return DEFAULTPARSER.parse(timestr, **kwargs)
  File "C:\Users\bhask\anaconda3\envs\DjangoEnv\lib\site-packages\dateutil\parser\_parser.py", line 649, in parse
    raise ParserError("Unknown string format: %s", timestr)
dateutil.parser._parser.ParserError: Unknown string format: company-names
INFO:django.utils.autoreload:D:\Code\Python\Django\DataAPI\shareManager\views.py changed, reloading.
DEBUG:asyncio:Using proactor: IocpProactor
INFO:django.utils.autoreload:D:\Code\Python\Django\DataAPI\DataAPI\settings.py changed, reloading.
DEBUG:asyncio:Using proactor: IocpProactor
WARNING:django.request:Not Found: /static/admin/js/vendor/jquery/jquery.min.js
WARNING:django.request:Not Found: /static/admin/js/actions.min.js
WARNING:django.request:Not Found: /static/admin/js/prepopulate.min.js
WARNING:django.request:Not Found: /static/admin/js/vendor/xregexp/xregexp.min.js
WARNING:django.request:Not Found: /static/admin/js/vendor/jquery/jquery.min.js
WARNING:django.request:Not Found: /static/admin/js/actions.min.js
WARNING:django.request:Not Found: /static/admin/js/prepopulate.min.js
WARNING:django.request:Not Found: /static/admin/js/vendor/xregexp/xregexp.min.js
WARNING:django.security.csrf:Forbidden (CSRF cookie not set.): /api/nepal-stock/daily-total-transaction/2012-11-11/2020-11-11/
INFO:django.utils.autoreload:D:\Code\Python\Django\DataAPI\shareManager\views.py changed, reloading.
DEBUG:asyncio:Using proactor: IocpProactor
DEBUG:asyncio:Using proactor: IocpProactor
INFO:django.utils.autoreload:D:\Code\Python\Django\DataAPI\shareManager\views.py changed, reloading.
DEBUG:asyncio:Using proactor: IocpProactor
INFO:django.utils.autoreload:D:\Code\Python\Django\DataAPI\shareManager\views.py changed, reloading.
DEBUG:asyncio:Using proactor: IocpProactor
INFO:django.utils.autoreload:D:\Code\Python\Django\DataAPI\shareManager\views.py changed, reloading.
DEBUG:asyncio:Using proactor: IocpProactor
ERROR:django.request:Internal Server Error: /api/nepal-stock/daily-total-transaction/2012-11-11/2020-11-11/
Traceback (most recent call last):
  File "C:\Users\bhask\anaconda3\envs\DjangoEnv\lib\site-packages\django\core\handlers\exception.py", line 34, in inner
    response = get_response(request)
  File "C:\Users\bhask\anaconda3\envs\DjangoEnv\lib\site-packages\django\utils\deprecation.py", line 96, in __call__
    response = self.process_response(request, response)
  File "C:\Users\bhask\anaconda3\envs\DjangoEnv\lib\site-packages\django\middleware\clickjacking.py", line 26, in process_response
    if response.get('X-Frame-Options') is not None:
AttributeError: 'Http404' object has no attribute 'get'
INFO:django.utils.autoreload:D:\Code\Python\Django\DataAPI\shareManager\views.py changed, reloading.
DEBUG:asyncio:Using proactor: IocpProactor
INFO:django.utils.autoreload:D:\Code\Python\Django\DataAPI\shareManager\views.py changed, reloading.
DEBUG:asyncio:Using proactor: IocpProactor
INFO:django.utils.autoreload:D:\Code\Python\Django\DataAPI\shareManager\views.py changed, reloading.
DEBUG:asyncio:Using proactor: IocpProactor
ERROR:django.request:Internal Server Error: /api/nepal-stock/daily-total-transaction/2012-11-11/2020-11-11/
Traceback (most recent call last):
  File "C:\Users\bhask\anaconda3\envs\DjangoEnv\lib\site-packages\django\core\handlers\exception.py", line 34, in inner
    response = get_response(request)
  File "C:\Users\bhask\anaconda3\envs\DjangoEnv\lib\site-packages\django\utils\deprecation.py", line 96, in __call__
    response = self.process_response(request, response)
  File "C:\Users\bhask\anaconda3\envs\DjangoEnv\lib\site-packages\django\middleware\clickjacking.py", line 26, in process_response
    if response.get('X-Frame-Options') is not None:
AttributeError: 'Http404' object has no attribute 'get'
INFO:django.utils.autoreload:D:\Code\Python\Django\DataAPI\shareManager\views.py changed, reloading.
DEBUG:asyncio:Using proactor: IocpProactor
INFO:django.utils.autoreload:D:\Code\Python\Django\DataAPI\shareManager\views.py changed, reloading.
DEBUG:asyncio:Using proactor: IocpProactor
INFO:django.utils.autoreload:D:\Code\Python\Django\DataAPI\shareManager\views.py changed, reloading.
DEBUG:asyncio:Using proactor: IocpProactor
INFO:django.utils.autoreload:D:\Code\Python\Django\DataAPI\shareManager\views.py changed, reloading.
DEBUG:asyncio:Using proactor: IocpProactor
INFO:django.utils.autoreload:D:\Code\Python\Django\DataAPI\shareManager\views.py changed, reloading.
DEBUG:asyncio:Using proactor: IocpProactor
INFO:django.utils.autoreload:D:\Code\Python\Django\DataAPI\shareManager\views.py changed, reloading.
DEBUG:asyncio:Using proactor: IocpProactor
INFO:django.utils.autoreload:D:\Code\Python\Django\DataAPI\shareManager\views.py changed, reloading.
DEBUG:asyncio:Using proactor: IocpProactor
WARNING:django.request:Method Not Allowed: /api/nepal-stock/daily-total-transaction/2012-11-11/2020-11-11/
WARNING:django.request:Method Not Allowed: /api/nepal-stock/daily-total-transaction/2012-11-11/2020-11-11/
WARNING:django.request:Method Not Allowed: /api/nepal-stock/daily-total-transaction/2012-11-11/2020-11-11/
INFO:django.utils.autoreload:D:\Code\Python\Django\DataAPI\shareManager\views.py changed, reloading.
DEBUG:asyncio:Using proactor: IocpProactor
INFO:django.utils.autoreload:D:\Code\Python\Django\DataAPI\shareManager\views.py changed, reloading.
DEBUG:asyncio:Using proactor: IocpProactor
INFO:django.utils.autoreload:D:\Code\Python\Django\DataAPI\shareManager\views.py changed, reloading.
DEBUG:asyncio:Using proactor: IocpProactor
INFO:django.utils.autoreload:D:\Code\Python\Django\DataAPI\shareManager\views.py changed, reloading.
DEBUG:asyncio:Using proactor: IocpProactor
INFO:django.utils.autoreload:D:\Code\Python\Django\DataAPI\shareManager\views.py changed, reloading.
DEBUG:asyncio:Using proactor: IocpProactor
INFO:django.utils.autoreload:D:\Code\Python\Django\DataAPI\shareManager\views.py changed, reloading.
DEBUG:asyncio:Using proactor: IocpProactor
INFO:django.utils.autoreload:D:\Code\Python\Django\DataAPI\shareManager\views.py changed, reloading.
DEBUG:asyncio:Using proactor: IocpProactor
INFO:django.utils.autoreload:D:\Code\Python\Django\DataAPI\shareManager\views.py changed, reloading.
DEBUG:asyncio:Using proactor: IocpProactor
INFO:django.utils.autoreload:D:\Code\Python\Django\DataAPI\shareManager\views.py changed, reloading.
DEBUG:asyncio:Using proactor: IocpProactor
INFO:django.utils.autoreload:D:\Code\Python\Django\DataAPI\shareManager\views.py changed, reloading.
DEBUG:asyncio:Using proactor: IocpProactor
INFO:django.utils.autoreload:D:\Code\Python\Django\DataAPI\shareManager\views.py changed, reloading.
DEBUG:asyncio:Using proactor: IocpProactor
INFO:django.utils.autoreload:D:\Code\Python\Django\DataAPI\shareManager\views.py changed, reloading.
DEBUG:asyncio:Using proactor: IocpProactor
INFO:django.utils.autoreload:D:\Code\Python\Django\DataAPI\shareManager\views.py changed, reloading.
DEBUG:asyncio:Using proactor: IocpProactor
INFO:django.utils.autoreload:D:\Code\Python\Django\DataAPI\shareManager\views.py changed, reloading.
DEBUG:asyncio:Using proactor: IocpProactor
INFO:django.utils.autoreload:D:\Code\Python\Django\DataAPI\shareManager\views.py changed, reloading.
DEBUG:asyncio:Using proactor: IocpProactor
INFO:django.utils.autoreload:D:\Code\Python\Django\DataAPI\shareManager\views.py changed, reloading.
DEBUG:asyncio:Using proactor: IocpProactor
INFO:django.utils.autoreload:D:\Code\Python\Django\DataAPI\shareManager\views.py changed, reloading.
DEBUG:asyncio:Using proactor: IocpProactor
INFO:django.utils.autoreload:D:\Code\Python\Django\DataAPI\shareManager\views.py changed, reloading.
DEBUG:asyncio:Using proactor: IocpProactor
INFO:django.utils.autoreload:D:\Code\Python\Django\DataAPI\shareManager\views.py changed, reloading.
DEBUG:asyncio:Using proactor: IocpProactor
INFO:django.utils.autoreload:D:\Code\Python\Django\DataAPI\shareManager\views.py changed, reloading.
DEBUG:asyncio:Using proactor: IocpProactor
INFO:django.utils.autoreload:D:\Code\Python\Django\DataAPI\shareManager\views.py changed, reloading.
DEBUG:asyncio:Using proactor: IocpProactor
INFO:django.utils.autoreload:D:\Code\Python\Django\DataAPI\shareManager\views.py changed, reloading.
DEBUG:asyncio:Using proactor: IocpProactor
INFO:django.utils.autoreload:D:\Code\Python\Django\DataAPI\shareManager\views.py changed, reloading.
DEBUG:asyncio:Using proactor: IocpProactor
INFO:django.utils.autoreload:D:\Code\Python\Django\DataAPI\shareManager\views.py changed, reloading.
DEBUG:asyncio:Using proactor: IocpProactor
WARNING:django.security.csrf:Forbidden (CSRF cookie not set.): /api/nepal-stock/daily-total-transaction/2012-11-11/2020-11-11/
WARNING:django.security.csrf:Forbidden (CSRF cookie not set.): /api/nepal-stock/daily-total-transaction/2012-11-11/2020-11-11/
WARNING:django.security.csrf:Forbidden (CSRF cookie not set.): /api/nepal-stock/daily-total-transaction/2012-11-11/2020-11-11/
INFO:django.utils.autoreload:D:\Code\Python\Django\DataAPI\shareManager\views.py changed, reloading.
DEBUG:asyncio:Using proactor: IocpProactor
INFO:django.utils.autoreload:D:\Code\Python\Django\DataAPI\shareManager\views.py changed, reloading.
DEBUG:asyncio:Using proactor: IocpProactor
INFO:django.utils.autoreload:D:\Code\Python\Django\DataAPI\shareManager\views.py changed, reloading.
DEBUG:asyncio:Using proactor: IocpProactor
INFO:django.utils.autoreload:D:\Code\Python\Django\DataAPI\shareManager\views.py changed, reloading.
DEBUG:asyncio:Using proactor: IocpProactor
INFO:django.utils.autoreload:D:\Code\Python\Django\DataAPI\shareManager\views.py changed, reloading.
DEBUG:asyncio:Using proactor: IocpProactor
INFO:django.utils.autoreload:D:\Code\Python\Django\DataAPI\shareManager\views.py changed, reloading.
DEBUG:asyncio:Using proactor: IocpProactor
INFO:django.utils.autoreload:D:\Code\Python\Django\DataAPI\shareManager\views.py changed, reloading.
DEBUG:asyncio:Using proactor: IocpProactor
INFO:django.utils.autoreload:D:\Code\Python\Django\DataAPI\shareManager\views.py changed, reloading.
DEBUG:asyncio:Using proactor: IocpProactor
INFO:django.utils.autoreload:D:\Code\Python\Django\DataAPI\shareManager\views.py changed, reloading.
DEBUG:asyncio:Using proactor: IocpProactor
INFO:django.utils.autoreload:D:\Code\Python\Django\DataAPI\shareManager\views.py changed, reloading.
DEBUG:asyncio:Using proactor: IocpProactor
WARNING:django.request:Not Found: /user/login
WARNING:django.request:Not Found: /static/admin/js/vendor/jquery/jquery.min.js
WARNING:django.request:Not Found: /static/admin/js/actions.min.js
WARNING:django.request:Not Found: /static/admin/js/prepopulate.min.js
WARNING:django.request:Not Found: /static/admin/js/vendor/xregexp/xregexp.min.js
WARNING:django.request:Not Found: /static/admin/js/vendor/jquery/jquery.min.js
WARNING:django.request:Not Found: /static/admin/js/actions.min.js
WARNING:django.request:Not Found: /static/admin/js/prepopulate.min.js
WARNING:django.request:Not Found: /static/admin/js/vendor/xregexp/xregexp.min.js
WARNING:django.request:Not Found: /static/admin/js/vendor/jquery/jquery.min.js
WARNING:django.request:Not Found: /static/admin/js/vendor/xregexp/xregexp.min.js
WARNING:django.request:Not Found: /static/admin/js/prepopulate.min.js
WARNING:django.request:Not Found: /static/admin/js/actions.min.js
WARNING:django.request:Not Found: /static/admin/js/vendor/jquery/jquery.min.js
WARNING:django.request:Not Found: /static/admin/js/actions.min.js
WARNING:django.request:Not Found: /static/admin/js/prepopulate.min.js
WARNING:django.request:Not Found: /static/admin/js/vendor/xregexp/xregexp.min.js
WARNING:django.request:Not Found: /static/admin/js/vendor/jquery/jquery.min.js
WARNING:django.request:Not Found: /static/admin/js/actions.min.js
WARNING:django.request:Not Found: /static/admin/js/cancel.js
WARNING:django.request:Not Found: /static/admin/js/prepopulate.min.js
WARNING:django.request:Not Found: /static/admin/js/vendor/xregexp/xregexp.min.js
WARNING:django.request:Not Found: /static/admin/js/cancel.js
WARNING:django.request:Not Found: /static/admin/js/vendor/jquery/jquery.min.js
WARNING:django.request:Not Found: /static/admin/js/actions.min.js
WARNING:django.request:Not Found: /static/admin/js/prepopulate.min.js
WARNING:django.request:Not Found: /static/admin/js/vendor/xregexp/xregexp.min.js
WARNING:django.request:Not Found: /static/admin/js/vendor/jquery/jquery.min.js
WARNING:django.request:Not Found: /static/admin/js/actions.min.js
WARNING:django.request:Not Found: /static/admin/js/prepopulate.min.js
WARNING:django.request:Not Found: /static/admin/js/vendor/xregexp/xregexp.min.js
WARNING:django.request:Not Found: /static/admin/js/actions.min.js
WARNING:django.request:Not Found: /static/admin/js/vendor/jquery/jquery.min.js
WARNING:django.request:Not Found: /static/admin/js/vendor/xregexp/xregexp.min.js
WARNING:django.request:Not Found: /static/admin/js/prepopulate.min.js
WARNING:django.request:Not Found: /static/admin/js/vendor/jquery/jquery.min.js
WARNING:django.request:Not Found: /static/admin/js/actions.min.js
WARNING:django.request:Not Found: /static/admin/js/prepopulate.min.js
WARNING:django.request:Not Found: /static/admin/js/vendor/xregexp/xregexp.min.js
WARNING:django.request:Not Found: /static/admin/js/vendor/jquery/jquery.min.js
WARNING:django.request:Not Found: /static/admin/js/prepopulate.min.js
WARNING:django.request:Not Found: /static/admin/js/vendor/xregexp/xregexp.min.js
WARNING:django.request:Not Found: /static/admin/js/actions.min.js
WARNING:django.request:Not Found: /static/admin/js/vendor/jquery/jquery.min.js
WARNING:django.request:Not Found: /static/admin/js/actions.min.js
WARNING:django.request:Not Found: /static/admin/js/prepopulate.min.js
WARNING:django.request:Not Found: /static/admin/js/vendor/xregexp/xregexp.min.js
DEBUG:asyncio:Using proactor: IocpProactor
INFO:django.utils.autoreload:D:\Code\Python\Django\DataAPI\shareManager\urls.py changed, reloading.
DEBUG:asyncio:Using proactor: IocpProactor
INFO:django.utils.autoreload:D:\Code\Python\Django\DataAPI\shareManager\urls.py changed, reloading.
DEBUG:asyncio:Using proactor: IocpProactor
INFO:django.utils.autoreload:D:\Code\Python\Django\DataAPI\shareManager\urls.py changed, reloading.
DEBUG:asyncio:Using proactor: IocpProactor
INFO:django.utils.autoreload:D:\Code\Python\Django\DataAPI\shareManager\urls.py changed, reloading.
DEBUG:asyncio:Using proactor: IocpProactor
INFO:django.utils.autoreload:D:\Code\Python\Django\DataAPI\shareManager\urls.py changed, reloading.
DEBUG:asyncio:Using proactor: IocpProactor
INFO:django.utils.autoreload:D:\Code\Python\Django\DataAPI\shareManager\urls.py changed, reloading.
DEBUG:asyncio:Using proactor: IocpProactor
INFO:django.utils.autoreload:D:\Code\Python\Django\DataAPI\shareManager\urls.py changed, reloading.
DEBUG:asyncio:Using proactor: IocpProactor
INFO:django.utils.autoreload:D:\Code\Python\Django\DataAPI\shareManager\urls.py changed, reloading.
DEBUG:asyncio:Using proactor: IocpProactor
INFO:django.utils.autoreload:D:\Code\Python\Django\DataAPI\shareManager\urls.py changed, reloading.
DEBUG:asyncio:Using proactor: IocpProactor
INFO:django.utils.autoreload:D:\Code\Python\Django\DataAPI\shareManager\urls.py changed, reloading.
DEBUG:asyncio:Using proactor: IocpProactor
DEBUG:asyncio:Using proactor: IocpProactor
DEBUG:asyncio:Using proactor: IocpProactor
WARNING:django.request:Not Found: /
WARNING:django.request:Not Found: /favicon.ico
DEBUG:asyncio:Using proactor: IocpProactor
